[0.100s] [34mcolcon[0m [1;30mDEBUG[0m [32mCommand line arguments: ['/usr/bin/colcon', 'build', '--symlink-install'][0m
[0.100s] [34mcolcon[0m [1;30mDEBUG[0m [32mParsed command line arguments: Namespace(log_base=None, log_level=None, verb_name='build', build_base='build', install_base='install', merge_install=False, symlink_install=True, test_result_base=None, continue_on_error=False, executor='parallel', parallel_workers=20, event_handlers=None, ignore_user_meta=False, metas=['./colcon.meta'], base_paths=['.'], packages_ignore=None, packages_ignore_regex=None, paths=None, packages_up_to=None, packages_up_to_regex=None, packages_above=None, packages_above_and_dependencies=None, packages_above_depth=None, packages_select_by_dep=None, packages_skip_by_dep=None, packages_skip_up_to=None, packages_select_build_failed=False, packages_skip_build_finished=False, packages_select_test_failures=False, packages_skip_test_passed=False, packages_select=None, packages_skip=None, packages_select_regex=None, packages_skip_regex=None, packages_start=None, packages_end=None, allow_overriding=[], cmake_args=None, cmake_target=None, cmake_target_skip_unavailable=False, cmake_clean_cache=False, cmake_clean_first=False, cmake_force_configure=False, ament_cmake_args=None, catkin_cmake_args=None, catkin_skip_building_tests=False, verb_parser=<colcon_defaults.argument_parser.defaults.DefaultArgumentsDecorator object at 0x7a7e898d59f0>, verb_extension=<colcon_core.verb.build.BuildVerb object at 0x7a7e898d4bb0>, main=<bound method BuildVerb.main of <colcon_core.verb.build.BuildVerb object at 0x7a7e898d4bb0>>)[0m
[0.127s] [34mcolcon.colcon_core.package_discovery[0m [1;30mLevel 1[0m discover_packages(colcon_meta) check parameters
[0.127s] [34mcolcon.colcon_core.package_discovery[0m [1;30mLevel 1[0m discover_packages(recursive) check parameters
[0.127s] [34mcolcon.colcon_core.package_discovery[0m [1;30mLevel 1[0m discover_packages(ignore) check parameters
[0.127s] [34mcolcon.colcon_core.package_discovery[0m [1;30mLevel 1[0m discover_packages(path) check parameters
[0.127s] [34mcolcon.colcon_core.package_discovery[0m [1;30mLevel 1[0m discover_packages(colcon_meta) discover
[0.127s] [34mcolcon.colcon_core.package_discovery[0m [1;30mLevel 1[0m discover_packages(recursive) discover
[0.127s] [34mcolcon.colcon_core.package_discovery[0m [1;30mINFO[0m Crawling recursively for packages in '/home/rtx3090/panda_ws'
[0.127s] [34mcolcon.colcon_core.package_identification[0m [1;30mLevel 1[0m _identify(.) by extensions ['ignore', 'ignore_ament_install']
[0.127s] [34mcolcon.colcon_core.package_identification[0m [1;30mLevel 1[0m _identify(.) by extension 'ignore'
[0.127s] [34mcolcon.colcon_core.package_identification[0m [1;30mLevel 1[0m _identify(.) by extension 'ignore_ament_install'
[0.127s] [34mcolcon.colcon_core.package_identification[0m [1;30mLevel 1[0m _identify(.) by extensions ['colcon_pkg']
[0.127s] [34mcolcon.colcon_core.package_identification[0m [1;30mLevel 1[0m _identify(.) by extension 'colcon_pkg'
[0.127s] [34mcolcon.colcon_core.package_identification[0m [1;30mLevel 1[0m _identify(.) by extensions ['colcon_meta']
[0.127s] [34mcolcon.colcon_core.package_identification[0m [1;30mLevel 1[0m _identify(.) by extension 'colcon_meta'
[0.127s] [34mcolcon.colcon_core.package_identification[0m [1;30mLevel 1[0m _identify(.) by extensions ['ros']
[0.128s] [34mcolcon.colcon_core.package_identification[0m [1;30mLevel 1[0m _identify(.) by extension 'ros'
[0.138s] [34mcolcon.colcon_core.package_identification[0m [1;30mLevel 1[0m _identify(.) by extensions ['cmake', 'python']
[0.138s] [34mcolcon.colcon_core.package_identification[0m [1;30mLevel 1[0m _identify(.) by extension 'cmake'
[0.138s] [34mcolcon.colcon_core.package_identification[0m [1;30mLevel 1[0m _identify(.) by extension 'python'
[0.138s] [34mcolcon.colcon_core.package_identification[0m [1;30mLevel 1[0m _identify(.) by extensions ['python_setup_py']
[0.138s] [34mcolcon.colcon_core.package_identification[0m [1;30mLevel 1[0m _identify(.) by extension 'python_setup_py'
[0.138s] [34mcolcon.colcon_core.package_identification[0m [1;30mLevel 1[0m _identify(build) by extensions ['ignore', 'ignore_ament_install']
[0.138s] [34mcolcon.colcon_core.package_identification[0m [1;30mLevel 1[0m _identify(build) by extension 'ignore'
[0.138s] [34mcolcon.colcon_core.package_identification[0m [1;30mLevel 1[0m _identify(build) ignored
[0.138s] [34mcolcon.colcon_core.package_identification[0m [1;30mLevel 1[0m _identify(install) by extensions ['ignore', 'ignore_ament_install']
[0.138s] [34mcolcon.colcon_core.package_identification[0m [1;30mLevel 1[0m _identify(install) by extension 'ignore'
[0.138s] [34mcolcon.colcon_core.package_identification[0m [1;30mLevel 1[0m _identify(install) ignored
[0.138s] [34mcolcon.colcon_core.package_identification[0m [1;30mLevel 1[0m _identify(log) by extensions ['ignore', 'ignore_ament_install']
[0.139s] [34mcolcon.colcon_core.package_identification[0m [1;30mLevel 1[0m _identify(log) by extension 'ignore'
[0.139s] [34mcolcon.colcon_core.package_identification[0m [1;30mLevel 1[0m _identify(log) ignored
[0.139s] [34mcolcon.colcon_core.package_identification[0m [1;30mLevel 1[0m _identify(src) by extensions ['ignore', 'ignore_ament_install']
[0.139s] [34mcolcon.colcon_core.package_identification[0m [1;30mLevel 1[0m _identify(src) by extension 'ignore'
[0.139s] [34mcolcon.colcon_core.package_identification[0m [1;30mLevel 1[0m _identify(src) by extension 'ignore_ament_install'
[0.139s] [34mcolcon.colcon_core.package_identification[0m [1;30mLevel 1[0m _identify(src) by extensions ['colcon_pkg']
[0.139s] [34mcolcon.colcon_core.package_identification[0m [1;30mLevel 1[0m _identify(src) by extension 'colcon_pkg'
[0.139s] [34mcolcon.colcon_core.package_identification[0m [1;30mLevel 1[0m _identify(src) by extensions ['colcon_meta']
[0.139s] [34mcolcon.colcon_core.package_identification[0m [1;30mLevel 1[0m _identify(src) by extension 'colcon_meta'
[0.139s] [34mcolcon.colcon_core.package_identification[0m [1;30mLevel 1[0m _identify(src) by extensions ['ros']
[0.139s] [34mcolcon.colcon_core.package_identification[0m [1;30mLevel 1[0m _identify(src) by extension 'ros'
[0.139s] [34mcolcon.colcon_core.package_identification[0m [1;30mLevel 1[0m _identify(src) by extensions ['cmake', 'python']
[0.139s] [34mcolcon.colcon_core.package_identification[0m [1;30mLevel 1[0m _identify(src) by extension 'cmake'
[0.139s] [34mcolcon.colcon_core.package_identification[0m [1;30mLevel 1[0m _identify(src) by extension 'python'
[0.139s] [34mcolcon.colcon_core.package_identification[0m [1;30mLevel 1[0m _identify(src) by extensions ['python_setup_py']
[0.139s] [34mcolcon.colcon_core.package_identification[0m [1;30mLevel 1[0m _identify(src) by extension 'python_setup_py'
[0.139s] [34mcolcon.colcon_core.package_identification[0m [1;30mLevel 1[0m _identify(src/build) by extensions ['ignore', 'ignore_ament_install']
[0.139s] [34mcolcon.colcon_core.package_identification[0m [1;30mLevel 1[0m _identify(src/build) by extension 'ignore'
[0.139s] [34mcolcon.colcon_core.package_identification[0m [1;30mLevel 1[0m _identify(src/build) ignored
[0.139s] [34mcolcon.colcon_core.package_identification[0m [1;30mLevel 1[0m _identify(src/install) by extensions ['ignore', 'ignore_ament_install']
[0.139s] [34mcolcon.colcon_core.package_identification[0m [1;30mLevel 1[0m _identify(src/install) by extension 'ignore'
[0.139s] [34mcolcon.colcon_core.package_identification[0m [1;30mLevel 1[0m _identify(src/install) ignored
[0.139s] [34mcolcon.colcon_core.package_identification[0m [1;30mLevel 1[0m _identify(src/log) by extensions ['ignore', 'ignore_ament_install']
[0.140s] [34mcolcon.colcon_core.package_identification[0m [1;30mLevel 1[0m _identify(src/log) by extension 'ignore'
[0.140s] [34mcolcon.colcon_core.package_identification[0m [1;30mLevel 1[0m _identify(src/log) ignored
[0.140s] [34mcolcon.colcon_core.package_identification[0m [1;30mLevel 1[0m _identify(src/panda_bringup) by extensions ['ignore', 'ignore_ament_install']
[0.140s] [34mcolcon.colcon_core.package_identification[0m [1;30mLevel 1[0m _identify(src/panda_bringup) by extension 'ignore'
[0.140s] [34mcolcon.colcon_core.package_identification[0m [1;30mLevel 1[0m _identify(src/panda_bringup) by extension 'ignore_ament_install'
[0.140s] [34mcolcon.colcon_core.package_identification[0m [1;30mLevel 1[0m _identify(src/panda_bringup) by extensions ['colcon_pkg']
[0.140s] [34mcolcon.colcon_core.package_identification[0m [1;30mLevel 1[0m _identify(src/panda_bringup) by extension 'colcon_pkg'
[0.140s] [34mcolcon.colcon_core.package_identification[0m [1;30mLevel 1[0m _identify(src/panda_bringup) by extensions ['colcon_meta']
[0.140s] [34mcolcon.colcon_core.package_identification[0m [1;30mLevel 1[0m _identify(src/panda_bringup) by extension 'colcon_meta'
[0.140s] [34mcolcon.colcon_core.package_identification[0m [1;30mLevel 1[0m _identify(src/panda_bringup) by extensions ['ros']
[0.140s] [34mcolcon.colcon_core.package_identification[0m [1;30mLevel 1[0m _identify(src/panda_bringup) by extension 'ros'
[0.142s] [34mcolcon.colcon_core.package_identification[0m [1;30mDEBUG[0m [32mPackage 'src/panda_bringup' with type 'ros.ament_cmake' and name 'panda_bringup'[0m
[0.142s] [34mcolcon.colcon_core.package_identification[0m [1;30mLevel 1[0m _identify(src/panda_controller) by extensions ['ignore', 'ignore_ament_install']
[0.142s] [34mcolcon.colcon_core.package_identification[0m [1;30mLevel 1[0m _identify(src/panda_controller) by extension 'ignore'
[0.142s] [34mcolcon.colcon_core.package_identification[0m [1;30mLevel 1[0m _identify(src/panda_controller) by extension 'ignore_ament_install'
[0.142s] [34mcolcon.colcon_core.package_identification[0m [1;30mLevel 1[0m _identify(src/panda_controller) by extensions ['colcon_pkg']
[0.142s] [34mcolcon.colcon_core.package_identification[0m [1;30mLevel 1[0m _identify(src/panda_controller) by extension 'colcon_pkg'
[0.142s] [34mcolcon.colcon_core.package_identification[0m [1;30mLevel 1[0m _identify(src/panda_controller) by extensions ['colcon_meta']
[0.142s] [34mcolcon.colcon_core.package_identification[0m [1;30mLevel 1[0m _identify(src/panda_controller) by extension 'colcon_meta'
[0.143s] [34mcolcon.colcon_core.package_identification[0m [1;30mLevel 1[0m _identify(src/panda_controller) by extensions ['ros']
[0.143s] [34mcolcon.colcon_core.package_identification[0m [1;30mLevel 1[0m _identify(src/panda_controller) by extension 'ros'
[0.143s] [34mcolcon.colcon_core.package_identification[0m [1;30mDEBUG[0m [32mPackage 'src/panda_controller' with type 'ros.ament_cmake' and name 'panda_controller'[0m
[0.143s] [34mcolcon.colcon_core.package_identification[0m [1;30mLevel 1[0m _identify(src/panda_description) by extensions ['ignore', 'ignore_ament_install']
[0.143s] [34mcolcon.colcon_core.package_identification[0m [1;30mLevel 1[0m _identify(src/panda_description) by extension 'ignore'
[0.143s] [34mcolcon.colcon_core.package_identification[0m [1;30mLevel 1[0m _identify(src/panda_description) by extension 'ignore_ament_install'
[0.143s] [34mcolcon.colcon_core.package_identification[0m [1;30mLevel 1[0m _identify(src/panda_description) by extensions ['colcon_pkg']
[0.143s] [34mcolcon.colcon_core.package_identification[0m [1;30mLevel 1[0m _identify(src/panda_description) by extension 'colcon_pkg'
[0.143s] [34mcolcon.colcon_core.package_identification[0m [1;30mLevel 1[0m _identify(src/panda_description) by extensions ['colcon_meta']
[0.143s] [34mcolcon.colcon_core.package_identification[0m [1;30mLevel 1[0m _identify(src/panda_description) by extension 'colcon_meta'
[0.144s] [34mcolcon.colcon_core.package_identification[0m [1;30mLevel 1[0m _identify(src/panda_description) by extensions ['ros']
[0.144s] [34mcolcon.colcon_core.package_identification[0m [1;30mLevel 1[0m _identify(src/panda_description) by extension 'ros'
[0.145s] [34mcolcon.colcon_core.package_identification[0m [1;30mDEBUG[0m [32mPackage 'src/panda_description' with type 'ros.ament_cmake' and name 'panda_description'[0m
[0.145s] [34mcolcon.colcon_core.package_identification[0m [1;30mLevel 1[0m _identify(src/panda_moveit) by extensions ['ignore', 'ignore_ament_install']
[0.145s] [34mcolcon.colcon_core.package_identification[0m [1;30mLevel 1[0m _identify(src/panda_moveit) by extension 'ignore'
[0.146s] [34mcolcon.colcon_core.package_identification[0m [1;30mLevel 1[0m _identify(src/panda_moveit) by extension 'ignore_ament_install'
[0.146s] [34mcolcon.colcon_core.package_identification[0m [1;30mLevel 1[0m _identify(src/panda_moveit) by extensions ['colcon_pkg']
[0.146s] [34mcolcon.colcon_core.package_identification[0m [1;30mLevel 1[0m _identify(src/panda_moveit) by extension 'colcon_pkg'
[0.146s] [34mcolcon.colcon_core.package_identification[0m [1;30mLevel 1[0m _identify(src/panda_moveit) by extensions ['colcon_meta']
[0.146s] [34mcolcon.colcon_core.package_identification[0m [1;30mLevel 1[0m _identify(src/panda_moveit) by extension 'colcon_meta'
[0.146s] [34mcolcon.colcon_core.package_identification[0m [1;30mLevel 1[0m _identify(src/panda_moveit) by extensions ['ros']
[0.146s] [34mcolcon.colcon_core.package_identification[0m [1;30mLevel 1[0m _identify(src/panda_moveit) by extension 'ros'
[0.146s] [34mcolcon.colcon_core.package_identification[0m [1;30mDEBUG[0m [32mPackage 'src/panda_moveit' with type 'ros.ament_cmake' and name 'panda_moveit'[0m
[0.146s] [34mcolcon.colcon_core.package_identification[0m [1;30mLevel 1[0m _identify(src/panda_vision) by extensions ['ignore', 'ignore_ament_install']
[0.146s] [34mcolcon.colcon_core.package_identification[0m [1;30mLevel 1[0m _identify(src/panda_vision) by extension 'ignore'
[0.146s] [34mcolcon.colcon_core.package_identification[0m [1;30mLevel 1[0m _identify(src/panda_vision) by extension 'ignore_ament_install'
[0.146s] [34mcolcon.colcon_core.package_identification[0m [1;30mLevel 1[0m _identify(src/panda_vision) by extensions ['colcon_pkg']
[0.146s] [34mcolcon.colcon_core.package_identification[0m [1;30mLevel 1[0m _identify(src/panda_vision) by extension 'colcon_pkg'
[0.146s] [34mcolcon.colcon_core.package_identification[0m [1;30mLevel 1[0m _identify(src/panda_vision) by extensions ['colcon_meta']
[0.146s] [34mcolcon.colcon_core.package_identification[0m [1;30mLevel 1[0m _identify(src/panda_vision) by extension 'colcon_meta'
[0.146s] [34mcolcon.colcon_core.package_identification[0m [1;30mLevel 1[0m _identify(src/panda_vision) by extensions ['ros']
[0.147s] [34mcolcon.colcon_core.package_identification[0m [1;30mLevel 1[0m _identify(src/panda_vision) by extension 'ros'
[0.147s] [34mcolcon.colcon_core.package_identification[0m [1;30mDEBUG[0m [32mPackage 'src/panda_vision' with type 'ros.ament_python' and name 'panda_vision'[0m
[0.147s] [34mcolcon.colcon_core.package_identification[0m [1;30mLevel 1[0m _identify(src/pymoveit2) by extensions ['ignore', 'ignore_ament_install']
[0.147s] [34mcolcon.colcon_core.package_identification[0m [1;30mLevel 1[0m _identify(src/pymoveit2) by extension 'ignore'
[0.148s] [34mcolcon.colcon_core.package_identification[0m [1;30mLevel 1[0m _identify(src/pymoveit2) by extension 'ignore_ament_install'
[0.148s] [34mcolcon.colcon_core.package_identification[0m [1;30mLevel 1[0m _identify(src/pymoveit2) by extensions ['colcon_pkg']
[0.148s] [34mcolcon.colcon_core.package_identification[0m [1;30mLevel 1[0m _identify(src/pymoveit2) by extension 'colcon_pkg'
[0.148s] [34mcolcon.colcon_core.package_identification[0m [1;30mLevel 1[0m _identify(src/pymoveit2) by extensions ['colcon_meta']
[0.148s] [34mcolcon.colcon_core.package_identification[0m [1;30mLevel 1[0m _identify(src/pymoveit2) by extension 'colcon_meta'
[0.148s] [34mcolcon.colcon_core.package_identification[0m [1;30mLevel 1[0m _identify(src/pymoveit2) by extensions ['ros']
[0.148s] [34mcolcon.colcon_core.package_identification[0m [1;30mLevel 1[0m _identify(src/pymoveit2) by extension 'ros'
[0.148s] [34mcolcon.colcon_core.package_identification[0m [1;30mDEBUG[0m [32mPackage 'src/pymoveit2' with type 'ros.ament_cmake' and name 'pymoveit2'[0m
[0.148s] [34mcolcon.colcon_core.package_identification[0m [1;30mLevel 1[0m _identify(src/ros_exchange) by extensions ['ignore', 'ignore_ament_install']
[0.148s] [34mcolcon.colcon_core.package_identification[0m [1;30mLevel 1[0m _identify(src/ros_exchange) by extension 'ignore'
[0.148s] [34mcolcon.colcon_core.package_identification[0m [1;30mLevel 1[0m _identify(src/ros_exchange) by extension 'ignore_ament_install'
[0.148s] [34mcolcon.colcon_core.package_identification[0m [1;30mLevel 1[0m _identify(src/ros_exchange) by extensions ['colcon_pkg']
[0.148s] [34mcolcon.colcon_core.package_identification[0m [1;30mLevel 1[0m _identify(src/ros_exchange) by extension 'colcon_pkg'
[0.148s] [34mcolcon.colcon_core.package_identification[0m [1;30mLevel 1[0m _identify(src/ros_exchange) by extensions ['colcon_meta']
[0.148s] [34mcolcon.colcon_core.package_identification[0m [1;30mLevel 1[0m _identify(src/ros_exchange) by extension 'colcon_meta'
[0.148s] [34mcolcon.colcon_core.package_identification[0m [1;30mLevel 1[0m _identify(src/ros_exchange) by extensions ['ros']
[0.149s] [34mcolcon.colcon_core.package_identification[0m [1;30mLevel 1[0m _identify(src/ros_exchange) by extension 'ros'
[0.149s] [34mcolcon.colcon_core.package_identification[0m [1;30mLevel 1[0m _identify(src/ros_exchange) by extensions ['cmake', 'python']
[0.149s] [34mcolcon.colcon_core.package_identification[0m [1;30mLevel 1[0m _identify(src/ros_exchange) by extension 'cmake'
[0.149s] [34mcolcon.colcon_core.package_identification[0m [1;30mLevel 1[0m _identify(src/ros_exchange) by extension 'python'
[0.149s] [34mcolcon.colcon_core.package_identification[0m [1;30mLevel 1[0m _identify(src/ros_exchange) by extensions ['python_setup_py']
[0.149s] [34mcolcon.colcon_core.package_identification[0m [1;30mLevel 1[0m _identify(src/ros_exchange) by extension 'python_setup_py'
[0.149s] [34mcolcon.colcon_core.package_identification[0m [1;30mLevel 1[0m _identify(src/ros_exchange/final_outputs) by extensions ['ignore', 'ignore_ament_install']
[0.149s] [34mcolcon.colcon_core.package_identification[0m [1;30mLevel 1[0m _identify(src/ros_exchange/final_outputs) by extension 'ignore'
[0.149s] [34mcolcon.colcon_core.package_identification[0m [1;30mLevel 1[0m _identify(src/ros_exchange/final_outputs) by extension 'ignore_ament_install'
[0.149s] [34mcolcon.colcon_core.package_identification[0m [1;30mLevel 1[0m _identify(src/ros_exchange/final_outputs) by extensions ['colcon_pkg']
[0.149s] [34mcolcon.colcon_core.package_identification[0m [1;30mLevel 1[0m _identify(src/ros_exchange/final_outputs) by extension 'colcon_pkg'
[0.149s] [34mcolcon.colcon_core.package_identification[0m [1;30mLevel 1[0m _identify(src/ros_exchange/final_outputs) by extensions ['colcon_meta']
[0.149s] [34mcolcon.colcon_core.package_identification[0m [1;30mLevel 1[0m _identify(src/ros_exchange/final_outputs) by extension 'colcon_meta'
[0.149s] [34mcolcon.colcon_core.package_identification[0m [1;30mLevel 1[0m _identify(src/ros_exchange/final_outputs) by extensions ['ros']
[0.149s] [34mcolcon.colcon_core.package_identification[0m [1;30mLevel 1[0m _identify(src/ros_exchange/final_outputs) by extension 'ros'
[0.149s] [34mcolcon.colcon_core.package_identification[0m [1;30mLevel 1[0m _identify(src/ros_exchange/final_outputs) by extensions ['cmake', 'python']
[0.149s] [34mcolcon.colcon_core.package_identification[0m [1;30mLevel 1[0m _identify(src/ros_exchange/final_outputs) by extension 'cmake'
[0.149s] [34mcolcon.colcon_core.package_identification[0m [1;30mLevel 1[0m _identify(src/ros_exchange/final_outputs) by extension 'python'
[0.149s] [34mcolcon.colcon_core.package_identification[0m [1;30mLevel 1[0m _identify(src/ros_exchange/final_outputs) by extensions ['python_setup_py']
[0.149s] [34mcolcon.colcon_core.package_identification[0m [1;30mLevel 1[0m _identify(src/ros_exchange/final_outputs) by extension 'python_setup_py'
[0.149s] [34mcolcon.colcon_core.package_identification[0m [1;30mLevel 1[0m _identify(src/ros_exchange/sam_stream_overlay) by extensions ['ignore', 'ignore_ament_install']
[0.149s] [34mcolcon.colcon_core.package_identification[0m [1;30mLevel 1[0m _identify(src/ros_exchange/sam_stream_overlay) by extension 'ignore'
[0.149s] [34mcolcon.colcon_core.package_identification[0m [1;30mLevel 1[0m _identify(src/ros_exchange/sam_stream_overlay) by extension 'ignore_ament_install'
[0.149s] [34mcolcon.colcon_core.package_identification[0m [1;30mLevel 1[0m _identify(src/ros_exchange/sam_stream_overlay) by extensions ['colcon_pkg']
[0.149s] [34mcolcon.colcon_core.package_identification[0m [1;30mLevel 1[0m _identify(src/ros_exchange/sam_stream_overlay) by extension 'colcon_pkg'
[0.149s] [34mcolcon.colcon_core.package_identification[0m [1;30mLevel 1[0m _identify(src/ros_exchange/sam_stream_overlay) by extensions ['colcon_meta']
[0.150s] [34mcolcon.colcon_core.package_identification[0m [1;30mLevel 1[0m _identify(src/ros_exchange/sam_stream_overlay) by extension 'colcon_meta'
[0.150s] [34mcolcon.colcon_core.package_identification[0m [1;30mLevel 1[0m _identify(src/ros_exchange/sam_stream_overlay) by extensions ['ros']
[0.150s] [34mcolcon.colcon_core.package_identification[0m [1;30mLevel 1[0m _identify(src/ros_exchange/sam_stream_overlay) by extension 'ros'
[0.150s] [34mcolcon.colcon_core.package_identification[0m [1;30mLevel 1[0m _identify(src/ros_exchange/sam_stream_overlay) by extensions ['cmake', 'python']
[0.150s] [34mcolcon.colcon_core.package_identification[0m [1;30mLevel 1[0m _identify(src/ros_exchange/sam_stream_overlay) by extension 'cmake'
[0.150s] [34mcolcon.colcon_core.package_identification[0m [1;30mLevel 1[0m _identify(src/ros_exchange/sam_stream_overlay) by extension 'python'
[0.150s] [34mcolcon.colcon_core.package_identification[0m [1;30mLevel 1[0m _identify(src/ros_exchange/sam_stream_overlay) by extensions ['python_setup_py']
[0.150s] [34mcolcon.colcon_core.package_identification[0m [1;30mLevel 1[0m _identify(src/ros_exchange/sam_stream_overlay) by extension 'python_setup_py'
[0.150s] [34mcolcon.colcon_core.package_discovery[0m [1;30mLevel 1[0m discover_packages(recursive) using defaults
[0.150s] [34mcolcon.colcon_core.package_discovery[0m [1;30mLevel 1[0m discover_packages(ignore) discover
[0.150s] [34mcolcon.colcon_core.package_discovery[0m [1;30mLevel 1[0m discover_packages(ignore) using defaults
[0.150s] [34mcolcon.colcon_core.package_discovery[0m [1;30mLevel 1[0m discover_packages(path) discover
[0.150s] [34mcolcon.colcon_core.package_discovery[0m [1;30mLevel 1[0m discover_packages(path) using defaults
[0.162s] [34mcolcon.colcon_core.package_discovery[0m [1;30mLevel 1[0m discover_packages(prefix_path) check parameters
[0.163s] [34mcolcon.colcon_core.package_discovery[0m [1;30mLevel 1[0m discover_packages(prefix_path) discover
[0.163s] [34mcolcon.colcon_ros.prefix_path.ament[0m [1;30mWARNING[0m [33mThe path '/home/rtx3090/panda_ws/install/panda_bringup' in the environment variable AMENT_PREFIX_PATH doesn't exist[0m
[0.163s] [34mcolcon.colcon_ros.prefix_path.ament[0m [1;30mWARNING[0m [33mThe path '/home/rtx3090/panda_ws/install/pymoveit2' in the environment variable AMENT_PREFIX_PATH doesn't exist[0m
[0.163s] [34mcolcon.colcon_ros.prefix_path.ament[0m [1;30mWARNING[0m [33mThe path '/home/rtx3090/panda_ws/install/panda_vision' in the environment variable AMENT_PREFIX_PATH doesn't exist[0m
[0.163s] [34mcolcon.colcon_ros.prefix_path.ament[0m [1;30mWARNING[0m [33mThe path '/home/rtx3090/panda_ws/install/panda_moveit' in the environment variable AMENT_PREFIX_PATH doesn't exist[0m
[0.163s] [34mcolcon.colcon_ros.prefix_path.ament[0m [1;30mWARNING[0m [33mThe path '/home/rtx3090/panda_ws/install/panda_controller' in the environment variable AMENT_PREFIX_PATH doesn't exist[0m
[0.163s] [34mcolcon.colcon_ros.prefix_path.ament[0m [1;30mWARNING[0m [33mThe path '/home/rtx3090/panda_ws/install/panda_description' in the environment variable AMENT_PREFIX_PATH doesn't exist[0m
[0.163s] [34mcolcon.colcon_ros.prefix_path.catkin[0m [1;30mWARNING[0m [33mThe path '/home/rtx3090/panda_ws/install/panda_bringup' in the environment variable CMAKE_PREFIX_PATH doesn't exist[0m
[0.164s] [34mcolcon.colcon_ros.prefix_path.catkin[0m [1;30mWARNING[0m [33mThe path '/home/rtx3090/panda_ws/install/pymoveit2' in the environment variable CMAKE_PREFIX_PATH doesn't exist[0m
[0.164s] [34mcolcon.colcon_ros.prefix_path.catkin[0m [1;30mWARNING[0m [33mThe path '/home/rtx3090/panda_ws/install/panda_moveit' in the environment variable CMAKE_PREFIX_PATH doesn't exist[0m
[0.164s] [34mcolcon.colcon_ros.prefix_path.catkin[0m [1;30mWARNING[0m [33mThe path '/home/rtx3090/panda_ws/install/panda_controller' in the environment variable CMAKE_PREFIX_PATH doesn't exist[0m
[0.164s] [34mcolcon.colcon_ros.prefix_path.catkin[0m [1;30mWARNING[0m [33mThe path '/home/rtx3090/panda_ws/install/panda_description' in the environment variable CMAKE_PREFIX_PATH doesn't exist[0m
[0.164s] [34mcolcon.colcon_installed_package_information.package_discovery[0m [1;30mDEBUG[0m [32mFound 0 installed packages in /home/rtx3090/panda_ws/install[0m
[0.165s] [34mcolcon.colcon_installed_package_information.package_discovery[0m [1;30mDEBUG[0m [32mFound 407 installed packages in /opt/ros/humble[0m
[0.167s] [34mcolcon.colcon_core.package_discovery[0m [1;30mLevel 1[0m discover_packages(prefix_path) using defaults
[0.213s] [34mcolcon.colcon_core.verb[0m [1;30mLevel 5[0m set package 'panda_description' build argument 'cmake_args' from command line to 'None'
[0.213s] [34mcolcon.colcon_core.verb[0m [1;30mLevel 5[0m set package 'panda_description' build argument 'cmake_target' from command line to 'None'
[0.213s] [34mcolcon.colcon_core.verb[0m [1;30mLevel 5[0m set package 'panda_description' build argument 'cmake_target_skip_unavailable' from command line to 'False'
[0.213s] [34mcolcon.colcon_core.verb[0m [1;30mLevel 5[0m set package 'panda_description' build argument 'cmake_clean_cache' from command line to 'False'
[0.213s] [34mcolcon.colcon_core.verb[0m [1;30mLevel 5[0m set package 'panda_description' build argument 'cmake_clean_first' from command line to 'False'
[0.213s] [34mcolcon.colcon_core.verb[0m [1;30mLevel 5[0m set package 'panda_description' build argument 'cmake_force_configure' from command line to 'False'
[0.213s] [34mcolcon.colcon_core.verb[0m [1;30mLevel 5[0m set package 'panda_description' build argument 'ament_cmake_args' from command line to 'None'
[0.213s] [34mcolcon.colcon_core.verb[0m [1;30mLevel 5[0m set package 'panda_description' build argument 'catkin_cmake_args' from command line to 'None'
[0.213s] [34mcolcon.colcon_core.verb[0m [1;30mLevel 5[0m set package 'panda_description' build argument 'catkin_skip_building_tests' from command line to 'False'
[0.213s] [34mcolcon.colcon_core.verb[0m [1;30mDEBUG[0m [32mBuilding package 'panda_description' with the following arguments: {'ament_cmake_args': None, 'build_base': '/home/rtx3090/panda_ws/build/panda_description', 'catkin_cmake_args': None, 'catkin_skip_building_tests': False, 'cmake_args': None, 'cmake_clean_cache': False, 'cmake_clean_first': False, 'cmake_force_configure': False, 'cmake_target': None, 'cmake_target_skip_unavailable': False, 'install_base': '/home/rtx3090/panda_ws/install/panda_description', 'merge_install': False, 'path': '/home/rtx3090/panda_ws/src/panda_description', 'symlink_install': True, 'test_result_base': None}[0m
[0.213s] [34mcolcon.colcon_core.verb[0m [1;30mLevel 5[0m set package 'panda_vision' build argument 'cmake_args' from command line to 'None'
[0.213s] [34mcolcon.colcon_core.verb[0m [1;30mLevel 5[0m set package 'panda_vision' build argument 'cmake_target' from command line to 'None'
[0.213s] [34mcolcon.colcon_core.verb[0m [1;30mLevel 5[0m set package 'panda_vision' build argument 'cmake_target_skip_unavailable' from command line to 'False'
[0.213s] [34mcolcon.colcon_core.verb[0m [1;30mLevel 5[0m set package 'panda_vision' build argument 'cmake_clean_cache' from command line to 'False'
[0.213s] [34mcolcon.colcon_core.verb[0m [1;30mLevel 5[0m set package 'panda_vision' build argument 'cmake_clean_first' from command line to 'False'
[0.213s] [34mcolcon.colcon_core.verb[0m [1;30mLevel 5[0m set package 'panda_vision' build argument 'cmake_force_configure' from command line to 'False'
[0.213s] [34mcolcon.colcon_core.verb[0m [1;30mLevel 5[0m set package 'panda_vision' build argument 'ament_cmake_args' from command line to 'None'
[0.213s] [34mcolcon.colcon_core.verb[0m [1;30mLevel 5[0m set package 'panda_vision' build argument 'catkin_cmake_args' from command line to 'None'
[0.213s] [34mcolcon.colcon_core.verb[0m [1;30mLevel 5[0m set package 'panda_vision' build argument 'catkin_skip_building_tests' from command line to 'False'
[0.213s] [34mcolcon.colcon_core.verb[0m [1;30mDEBUG[0m [32mBuilding package 'panda_vision' with the following arguments: {'ament_cmake_args': None, 'build_base': '/home/rtx3090/panda_ws/build/panda_vision', 'catkin_cmake_args': None, 'catkin_skip_building_tests': False, 'cmake_args': None, 'cmake_clean_cache': False, 'cmake_clean_first': False, 'cmake_force_configure': False, 'cmake_target': None, 'cmake_target_skip_unavailable': False, 'install_base': '/home/rtx3090/panda_ws/install/panda_vision', 'merge_install': False, 'path': '/home/rtx3090/panda_ws/src/panda_vision', 'symlink_install': True, 'test_result_base': None}[0m
[0.214s] [34mcolcon.colcon_core.verb[0m [1;30mLevel 5[0m set package 'pymoveit2' build argument 'cmake_args' from command line to 'None'
[0.214s] [34mcolcon.colcon_core.verb[0m [1;30mLevel 5[0m set package 'pymoveit2' build argument 'cmake_target' from command line to 'None'
[0.214s] [34mcolcon.colcon_core.verb[0m [1;30mLevel 5[0m set package 'pymoveit2' build argument 'cmake_target_skip_unavailable' from command line to 'False'
[0.214s] [34mcolcon.colcon_core.verb[0m [1;30mLevel 5[0m set package 'pymoveit2' build argument 'cmake_clean_cache' from command line to 'False'
[0.214s] [34mcolcon.colcon_core.verb[0m [1;30mLevel 5[0m set package 'pymoveit2' build argument 'cmake_clean_first' from command line to 'False'
[0.214s] [34mcolcon.colcon_core.verb[0m [1;30mLevel 5[0m set package 'pymoveit2' build argument 'cmake_force_configure' from command line to 'False'
[0.214s] [34mcolcon.colcon_core.verb[0m [1;30mLevel 5[0m set package 'pymoveit2' build argument 'ament_cmake_args' from command line to 'None'
[0.214s] [34mcolcon.colcon_core.verb[0m [1;30mLevel 5[0m set package 'pymoveit2' build argument 'catkin_cmake_args' from command line to 'None'
[0.214s] [34mcolcon.colcon_core.verb[0m [1;30mLevel 5[0m set package 'pymoveit2' build argument 'catkin_skip_building_tests' from command line to 'False'
[0.214s] [34mcolcon.colcon_core.verb[0m [1;30mDEBUG[0m [32mBuilding package 'pymoveit2' with the following arguments: {'ament_cmake_args': None, 'build_base': '/home/rtx3090/panda_ws/build/pymoveit2', 'catkin_cmake_args': None, 'catkin_skip_building_tests': False, 'cmake_args': None, 'cmake_clean_cache': False, 'cmake_clean_first': False, 'cmake_force_configure': False, 'cmake_target': None, 'cmake_target_skip_unavailable': False, 'install_base': '/home/rtx3090/panda_ws/install/pymoveit2', 'merge_install': False, 'path': '/home/rtx3090/panda_ws/src/pymoveit2', 'symlink_install': True, 'test_result_base': None}[0m
[0.214s] [34mcolcon.colcon_core.verb[0m [1;30mLevel 5[0m set package 'panda_controller' build argument 'cmake_args' from command line to 'None'
[0.214s] [34mcolcon.colcon_core.verb[0m [1;30mLevel 5[0m set package 'panda_controller' build argument 'cmake_target' from command line to 'None'
[0.214s] [34mcolcon.colcon_core.verb[0m [1;30mLevel 5[0m set package 'panda_controller' build argument 'cmake_target_skip_unavailable' from command line to 'False'
[0.214s] [34mcolcon.colcon_core.verb[0m [1;30mLevel 5[0m set package 'panda_controller' build argument 'cmake_clean_cache' from command line to 'False'
[0.214s] [34mcolcon.colcon_core.verb[0m [1;30mLevel 5[0m set package 'panda_controller' build argument 'cmake_clean_first' from command line to 'False'
[0.214s] [34mcolcon.colcon_core.verb[0m [1;30mLevel 5[0m set package 'panda_controller' build argument 'cmake_force_configure' from command line to 'False'
[0.214s] [34mcolcon.colcon_core.verb[0m [1;30mLevel 5[0m set package 'panda_controller' build argument 'ament_cmake_args' from command line to 'None'
[0.214s] [34mcolcon.colcon_core.verb[0m [1;30mLevel 5[0m set package 'panda_controller' build argument 'catkin_cmake_args' from command line to 'None'
[0.214s] [34mcolcon.colcon_core.verb[0m [1;30mLevel 5[0m set package 'panda_controller' build argument 'catkin_skip_building_tests' from command line to 'False'
[0.214s] [34mcolcon.colcon_core.verb[0m [1;30mDEBUG[0m [32mBuilding package 'panda_controller' with the following arguments: {'ament_cmake_args': None, 'build_base': '/home/rtx3090/panda_ws/build/panda_controller', 'catkin_cmake_args': None, 'catkin_skip_building_tests': False, 'cmake_args': None, 'cmake_clean_cache': False, 'cmake_clean_first': False, 'cmake_force_configure': False, 'cmake_target': None, 'cmake_target_skip_unavailable': False, 'install_base': '/home/rtx3090/panda_ws/install/panda_controller', 'merge_install': False, 'path': '/home/rtx3090/panda_ws/src/panda_controller', 'symlink_install': True, 'test_result_base': None}[0m
[0.215s] [34mcolcon.colcon_core.verb[0m [1;30mLevel 5[0m set package 'panda_moveit' build argument 'cmake_args' from command line to 'None'
[0.215s] [34mcolcon.colcon_core.verb[0m [1;30mLevel 5[0m set package 'panda_moveit' build argument 'cmake_target' from command line to 'None'
[0.215s] [34mcolcon.colcon_core.verb[0m [1;30mLevel 5[0m set package 'panda_moveit' build argument 'cmake_target_skip_unavailable' from command line to 'False'
[0.215s] [34mcolcon.colcon_core.verb[0m [1;30mLevel 5[0m set package 'panda_moveit' build argument 'cmake_clean_cache' from command line to 'False'
[0.215s] [34mcolcon.colcon_core.verb[0m [1;30mLevel 5[0m set package 'panda_moveit' build argument 'cmake_clean_first' from command line to 'False'
[0.215s] [34mcolcon.colcon_core.verb[0m [1;30mLevel 5[0m set package 'panda_moveit' build argument 'cmake_force_configure' from command line to 'False'
[0.215s] [34mcolcon.colcon_core.verb[0m [1;30mLevel 5[0m set package 'panda_moveit' build argument 'ament_cmake_args' from command line to 'None'
[0.215s] [34mcolcon.colcon_core.verb[0m [1;30mLevel 5[0m set package 'panda_moveit' build argument 'catkin_cmake_args' from command line to 'None'
[0.215s] [34mcolcon.colcon_core.verb[0m [1;30mLevel 5[0m set package 'panda_moveit' build argument 'catkin_skip_building_tests' from command line to 'False'
[0.215s] [34mcolcon.colcon_core.verb[0m [1;30mDEBUG[0m [32mBuilding package 'panda_moveit' with the following arguments: {'ament_cmake_args': None, 'build_base': '/home/rtx3090/panda_ws/build/panda_moveit', 'catkin_cmake_args': None, 'catkin_skip_building_tests': False, 'cmake_args': None, 'cmake_clean_cache': False, 'cmake_clean_first': False, 'cmake_force_configure': False, 'cmake_target': None, 'cmake_target_skip_unavailable': False, 'install_base': '/home/rtx3090/panda_ws/install/panda_moveit', 'merge_install': False, 'path': '/home/rtx3090/panda_ws/src/panda_moveit', 'symlink_install': True, 'test_result_base': None}[0m
[0.215s] [34mcolcon.colcon_core.verb[0m [1;30mLevel 5[0m set package 'panda_bringup' build argument 'cmake_args' from command line to 'None'
[0.215s] [34mcolcon.colcon_core.verb[0m [1;30mLevel 5[0m set package 'panda_bringup' build argument 'cmake_target' from command line to 'None'
[0.215s] [34mcolcon.colcon_core.verb[0m [1;30mLevel 5[0m set package 'panda_bringup' build argument 'cmake_target_skip_unavailable' from command line to 'False'
[0.215s] [34mcolcon.colcon_core.verb[0m [1;30mLevel 5[0m set package 'panda_bringup' build argument 'cmake_clean_cache' from command line to 'False'
[0.215s] [34mcolcon.colcon_core.verb[0m [1;30mLevel 5[0m set package 'panda_bringup' build argument 'cmake_clean_first' from command line to 'False'
[0.215s] [34mcolcon.colcon_core.verb[0m [1;30mLevel 5[0m set package 'panda_bringup' build argument 'cmake_force_configure' from command line to 'False'
[0.215s] [34mcolcon.colcon_core.verb[0m [1;30mLevel 5[0m set package 'panda_bringup' build argument 'ament_cmake_args' from command line to 'None'
[0.215s] [34mcolcon.colcon_core.verb[0m [1;30mLevel 5[0m set package 'panda_bringup' build argument 'catkin_cmake_args' from command line to 'None'
[0.215s] [34mcolcon.colcon_core.verb[0m [1;30mLevel 5[0m set package 'panda_bringup' build argument 'catkin_skip_building_tests' from command line to 'False'
[0.215s] [34mcolcon.colcon_core.verb[0m [1;30mDEBUG[0m [32mBuilding package 'panda_bringup' with the following arguments: {'ament_cmake_args': None, 'build_base': '/home/rtx3090/panda_ws/build/panda_bringup', 'catkin_cmake_args': None, 'catkin_skip_building_tests': False, 'cmake_args': None, 'cmake_clean_cache': False, 'cmake_clean_first': False, 'cmake_force_configure': False, 'cmake_target': None, 'cmake_target_skip_unavailable': False, 'install_base': '/home/rtx3090/panda_ws/install/panda_bringup', 'merge_install': False, 'path': '/home/rtx3090/panda_ws/src/panda_bringup', 'symlink_install': True, 'test_result_base': None}[0m
[0.215s] [34mcolcon.colcon_core.executor[0m [1;30mINFO[0m Executing jobs using 'parallel' executor
[0.216s] [34mcolcon.colcon_parallel_executor.executor.parallel[0m [1;30mDEBUG[0m [32mrun_until_complete[0m
[0.216s] [34mcolcon.colcon_ros.task.ament_cmake.build[0m [1;30mINFO[0m Building ROS package in '/home/rtx3090/panda_ws/src/panda_description' with build type 'ament_cmake'
[0.216s] [34mcolcon.colcon_cmake.task.cmake.build[0m [1;30mINFO[0m Building CMake package in '/home/rtx3090/panda_ws/src/panda_description'
[0.218s] [34mcolcon.colcon_core.plugin_system[0m [1;30mINFO[0m Skipping extension 'colcon_core.shell.bat': Not used on non-Windows systems
[0.218s] [34mcolcon.colcon_core.shell[0m [1;30mINFO[0m Skip shell extension 'powershell' for command environment: Not usable outside of PowerShell
[0.218s] [34mcolcon.colcon_core.shell[0m [1;30mDEBUG[0m [32mSkip shell extension 'dsv' for command environment[0m
[0.220s] [34mcolcon.colcon_ros.task.ament_python.build[0m [1;30mINFO[0m Building ROS package in '/home/rtx3090/panda_ws/src/panda_vision' with build type 'ament_python'
[0.220s] [34mcolcon.colcon_core.shell[0m [1;30mLevel 1[0m create_environment_hook('panda_vision', 'ament_prefix_path')
[0.221s] [34mcolcon.colcon_core.shell[0m [1;30mINFO[0m Creating environment hook '/home/rtx3090/panda_ws/install/panda_vision/share/panda_vision/hook/ament_prefix_path.ps1'
[0.221s] [34mcolcon.colcon_core.shell[0m [1;30mINFO[0m Creating environment descriptor '/home/rtx3090/panda_ws/install/panda_vision/share/panda_vision/hook/ament_prefix_path.dsv'
[0.221s] [34mcolcon.colcon_core.shell[0m [1;30mINFO[0m Creating environment hook '/home/rtx3090/panda_ws/install/panda_vision/share/panda_vision/hook/ament_prefix_path.sh'
[0.222s] [34mcolcon.colcon_core.shell[0m [1;30mINFO[0m Skip shell extension 'powershell' for command environment: Not usable outside of PowerShell
[0.222s] [34mcolcon.colcon_core.shell[0m [1;30mDEBUG[0m [32mSkip shell extension 'dsv' for command environment[0m
[0.224s] [34mcolcon.colcon_ros.task.ament_cmake.build[0m [1;30mINFO[0m Building ROS package in '/home/rtx3090/panda_ws/src/pymoveit2' with build type 'ament_cmake'
[0.224s] [34mcolcon.colcon_cmake.task.cmake.build[0m [1;30mINFO[0m Building CMake package in '/home/rtx3090/panda_ws/src/pymoveit2'
[0.224s] [34mcolcon.colcon_core.shell[0m [1;30mINFO[0m Skip shell extension 'powershell' for command environment: Not usable outside of PowerShell
[0.224s] [34mcolcon.colcon_core.shell[0m [1;30mDEBUG[0m [32mSkip shell extension 'dsv' for command environment[0m
[0.229s] [34mcolcon.colcon_core.event_handler.log_command[0m [1;30mDEBUG[0m [32mInvoking command in '/home/rtx3090/panda_ws/build/panda_description': CMAKE_PREFIX_PATH=${CMAKE_PREFIX_PATH}:/home/rtx3090/panda_ws/install/panda_vision:/opt/ros/humble /home/rtx3090/.local/bin/cmake /home/rtx3090/panda_ws/src/panda_description -DAMENT_CMAKE_SYMLINK_INSTALL=1 -DCMAKE_INSTALL_PREFIX=/home/rtx3090/panda_ws/install/panda_description[0m
[0.435s] [34mcolcon.colcon_core.task.python.build[0m [1;30mINFO[0m Building Python package in '/home/rtx3090/panda_ws/src/panda_vision'
[0.435s] [34mcolcon.colcon_core.shell[0m [1;30mINFO[0m Skip shell extension 'powershell' for command environment: Not usable outside of PowerShell
[0.435s] [34mcolcon.colcon_core.shell[0m [1;30mDEBUG[0m [32mSkip shell extension 'dsv' for command environment[0m
[0.441s] [34mcolcon.colcon_core.event_handler.log_command[0m [1;30mDEBUG[0m [32mInvoking command in '/home/rtx3090/panda_ws/build/pymoveit2': CMAKE_PREFIX_PATH=${CMAKE_PREFIX_PATH}:/home/rtx3090/panda_ws/install/panda_vision:/opt/ros/humble /home/rtx3090/.local/bin/cmake /home/rtx3090/panda_ws/src/pymoveit2 -DAMENT_CMAKE_SYMLINK_INSTALL=1 -DCMAKE_INSTALL_PREFIX=/home/rtx3090/panda_ws/install/pymoveit2[0m
[0.888s] [34mcolcon.colcon_core.event_handler.log_command[0m [1;30mDEBUG[0m [32mInvoked command in '/home/rtx3090/panda_ws/build/panda_description' returned '0': CMAKE_PREFIX_PATH=${CMAKE_PREFIX_PATH}:/home/rtx3090/panda_ws/install/panda_vision:/opt/ros/humble /home/rtx3090/.local/bin/cmake /home/rtx3090/panda_ws/src/panda_description -DAMENT_CMAKE_SYMLINK_INSTALL=1 -DCMAKE_INSTALL_PREFIX=/home/rtx3090/panda_ws/install/panda_description[0m
[0.890s] [34mcolcon.colcon_core.event_handler.log_command[0m [1;30mDEBUG[0m [32mInvoking command in '/home/rtx3090/panda_ws/build/panda_description': CMAKE_PREFIX_PATH=${CMAKE_PREFIX_PATH}:/home/rtx3090/panda_ws/install/panda_vision:/opt/ros/humble /home/rtx3090/.local/bin/cmake --build /home/rtx3090/panda_ws/build/panda_description -- -j20 -l20[0m
[0.924s] [34mcolcon.colcon_core.event_handler.log_command[0m [1;30mDEBUG[0m [32mInvoked command in '/home/rtx3090/panda_ws/build/panda_description' returned '0': CMAKE_PREFIX_PATH=${CMAKE_PREFIX_PATH}:/home/rtx3090/panda_ws/install/panda_vision:/opt/ros/humble /home/rtx3090/.local/bin/cmake --build /home/rtx3090/panda_ws/build/panda_description -- -j20 -l20[0m
[0.950s] [34mcolcon.colcon_core.event_handler.log_command[0m [1;30mDEBUG[0m [32mInvoking command in '/home/rtx3090/panda_ws/build/panda_description': CMAKE_PREFIX_PATH=${CMAKE_PREFIX_PATH}:/home/rtx3090/panda_ws/install/panda_vision:/opt/ros/humble /home/rtx3090/.local/bin/cmake --install /home/rtx3090/panda_ws/build/panda_description[0m
[1.083s] [34mcolcon.colcon_core.environment[0m [1;30mLevel 1[0m create_environment_scripts_only(panda_description)
[1.084s] [34mcolcon.colcon_core.event_handler.log_command[0m [1;30mDEBUG[0m [32mInvoked command in '/home/rtx3090/panda_ws/build/panda_description' returned '0': CMAKE_PREFIX_PATH=${CMAKE_PREFIX_PATH}:/home/rtx3090/panda_ws/install/panda_vision:/opt/ros/humble /home/rtx3090/.local/bin/cmake --install /home/rtx3090/panda_ws/build/panda_description[0m
[1.085s] [34mcolcon.colcon_core.environment[0m [1;30mLevel 1[0m checking '/home/rtx3090/panda_ws/install/panda_description' for CMake module files
[1.086s] [34mcolcon.colcon_core.environment[0m [1;30mLevel 1[0m checking '/home/rtx3090/panda_ws/install/panda_description' for CMake config files
[1.086s] [34mcolcon.colcon_core.shell[0m [1;30mLevel 1[0m create_environment_hook('panda_description', 'cmake_prefix_path')
[1.086s] [34mcolcon.colcon_core.shell[0m [1;30mINFO[0m Creating environment hook '/home/rtx3090/panda_ws/install/panda_description/share/panda_description/hook/cmake_prefix_path.ps1'
[1.087s] [34mcolcon.colcon_core.shell[0m [1;30mINFO[0m Creating environment descriptor '/home/rtx3090/panda_ws/install/panda_description/share/panda_description/hook/cmake_prefix_path.dsv'
[1.087s] [34mcolcon.colcon_core.shell[0m [1;30mINFO[0m Creating environment hook '/home/rtx3090/panda_ws/install/panda_description/share/panda_description/hook/cmake_prefix_path.sh'
[1.087s] [34mcolcon.colcon_core.environment[0m [1;30mLevel 1[0m checking '/home/rtx3090/panda_ws/install/panda_description/bin'
[1.087s] [34mcolcon.colcon_core.environment[0m [1;30mLevel 1[0m checking '/home/rtx3090/panda_ws/install/panda_description/lib/pkgconfig/panda_description.pc'
[1.088s] [34mcolcon.colcon_core.environment[0m [1;30mLevel 1[0m checking '/home/rtx3090/panda_ws/install/panda_description/lib/python3.10/site-packages'
[1.088s] [34mcolcon.colcon_core.environment[0m [1;30mLevel 1[0m checking '/home/rtx3090/panda_ws/install/panda_description/bin'
[1.088s] [34mcolcon.colcon_core.shell[0m [1;30mINFO[0m Creating package script '/home/rtx3090/panda_ws/install/panda_description/share/panda_description/package.ps1'
[1.089s] [34mcolcon.colcon_core.shell[0m [1;30mINFO[0m Creating package descriptor '/home/rtx3090/panda_ws/install/panda_description/share/panda_description/package.dsv'
[1.089s] [34mcolcon.colcon_core.shell[0m [1;30mINFO[0m Creating package script '/home/rtx3090/panda_ws/install/panda_description/share/panda_description/package.sh'
[1.090s] [34mcolcon.colcon_core.shell[0m [1;30mINFO[0m Creating package script '/home/rtx3090/panda_ws/install/panda_description/share/panda_description/package.bash'
[1.090s] [34mcolcon.colcon_core.shell[0m [1;30mINFO[0m Creating package script '/home/rtx3090/panda_ws/install/panda_description/share/panda_description/package.zsh'
[1.091s] [34mcolcon.colcon_core.environment[0m [1;30mLevel 1[0m create_file_with_runtime_dependencies(/home/rtx3090/panda_ws/install/panda_description/share/colcon-core/packages/panda_description)
[1.091s] [34mcolcon.colcon_core.environment[0m [1;30mLevel 1[0m create_environment_scripts_only(panda_description)
[1.091s] [34mcolcon.colcon_core.environment[0m [1;30mLevel 1[0m checking '/home/rtx3090/panda_ws/install/panda_description' for CMake module files
[1.092s] [34mcolcon.colcon_core.environment[0m [1;30mLevel 1[0m checking '/home/rtx3090/panda_ws/install/panda_description' for CMake config files
[1.092s] [34mcolcon.colcon_core.shell[0m [1;30mLevel 1[0m create_environment_hook('panda_description', 'cmake_prefix_path')
[1.092s] [34mcolcon.colcon_core.shell[0m [1;30mINFO[0m Creating environment hook '/home/rtx3090/panda_ws/install/panda_description/share/panda_description/hook/cmake_prefix_path.ps1'
[1.092s] [34mcolcon.colcon_core.shell[0m [1;30mINFO[0m Creating environment descriptor '/home/rtx3090/panda_ws/install/panda_description/share/panda_description/hook/cmake_prefix_path.dsv'
[1.093s] [34mcolcon.colcon_core.shell[0m [1;30mINFO[0m Creating environment hook '/home/rtx3090/panda_ws/install/panda_description/share/panda_description/hook/cmake_prefix_path.sh'
[1.093s] [34mcolcon.colcon_core.environment[0m [1;30mLevel 1[0m checking '/home/rtx3090/panda_ws/install/panda_description/bin'
[1.093s] [34mcolcon.colcon_core.environment[0m [1;30mLevel 1[0m checking '/home/rtx3090/panda_ws/install/panda_description/lib/pkgconfig/panda_description.pc'
[1.093s] [34mcolcon.colcon_core.environment[0m [1;30mLevel 1[0m checking '/home/rtx3090/panda_ws/install/panda_description/lib/python3.10/site-packages'
[1.093s] [34mcolcon.colcon_core.environment[0m [1;30mLevel 1[0m checking '/home/rtx3090/panda_ws/install/panda_description/bin'
[1.094s] [34mcolcon.colcon_core.shell[0m [1;30mINFO[0m Creating package script '/home/rtx3090/panda_ws/install/panda_description/share/panda_description/package.ps1'
[1.094s] [34mcolcon.colcon_core.shell[0m [1;30mINFO[0m Creating package descriptor '/home/rtx3090/panda_ws/install/panda_description/share/panda_description/package.dsv'
[1.094s] [34mcolcon.colcon_core.shell[0m [1;30mINFO[0m Creating package script '/home/rtx3090/panda_ws/install/panda_description/share/panda_description/package.sh'
[1.095s] [34mcolcon.colcon_core.shell[0m [1;30mINFO[0m Creating package script '/home/rtx3090/panda_ws/install/panda_description/share/panda_description/package.bash'
[1.095s] [34mcolcon.colcon_core.shell[0m [1;30mINFO[0m Creating package script '/home/rtx3090/panda_ws/install/panda_description/share/panda_description/package.zsh'
[1.095s] [34mcolcon.colcon_core.environment[0m [1;30mLevel 1[0m create_file_with_runtime_dependencies(/home/rtx3090/panda_ws/install/panda_description/share/colcon-core/packages/panda_description)
[1.095s] [34mcolcon.colcon_ros.task.ament_cmake.build[0m [1;30mINFO[0m Building ROS package in '/home/rtx3090/panda_ws/src/panda_controller' with build type 'ament_cmake'
[1.095s] [34mcolcon.colcon_cmake.task.cmake.build[0m [1;30mINFO[0m Building CMake package in '/home/rtx3090/panda_ws/src/panda_controller'
[1.096s] [34mcolcon.colcon_core.shell[0m [1;30mINFO[0m Skip shell extension 'powershell' for command environment: Not usable outside of PowerShell
[1.096s] [34mcolcon.colcon_core.shell[0m [1;30mDEBUG[0m [32mSkip shell extension 'dsv' for command environment[0m
[1.098s] [34mcolcon.colcon_ros.task.ament_cmake.build[0m [1;30mINFO[0m Building ROS package in '/home/rtx3090/panda_ws/src/panda_moveit' with build type 'ament_cmake'
[1.098s] [34mcolcon.colcon_cmake.task.cmake.build[0m [1;30mINFO[0m Building CMake package in '/home/rtx3090/panda_ws/src/panda_moveit'
[1.099s] [34mcolcon.colcon_core.shell[0m [1;30mINFO[0m Skip shell extension 'powershell' for command environment: Not usable outside of PowerShell
[1.099s] [34mcolcon.colcon_core.shell[0m [1;30mDEBUG[0m [32mSkip shell extension 'dsv' for command environment[0m
[1.103s] [34mcolcon.colcon_core.event_handler.log_command[0m [1;30mDEBUG[0m [32mInvoking command in '/home/rtx3090/panda_ws/build/panda_controller': CMAKE_PREFIX_PATH=/home/rtx3090/panda_ws/install/panda_description:/home/rtx3090/panda_ws/install/panda_bringup:/home/rtx3090/panda_ws/install/pymoveit2:/home/rtx3090/panda_ws/install/panda_moveit:/home/rtx3090/panda_ws/install/panda_controller:/home/rtx3090/panda_ws/install/panda_vision:/opt/ros/humble /home/rtx3090/.local/bin/cmake /home/rtx3090/panda_ws/src/panda_controller -DAMENT_CMAKE_SYMLINK_INSTALL=1 -DCMAKE_INSTALL_PREFIX=/home/rtx3090/panda_ws/install/panda_controller[0m
[1.105s] [34mcolcon.colcon_core.event_handler.log_command[0m [1;30mDEBUG[0m [32mInvoking command in '/home/rtx3090/panda_ws/build/panda_moveit': CMAKE_PREFIX_PATH=/home/rtx3090/panda_ws/install/panda_description:/home/rtx3090/panda_ws/install/panda_bringup:/home/rtx3090/panda_ws/install/pymoveit2:/home/rtx3090/panda_ws/install/panda_moveit:/home/rtx3090/panda_ws/install/panda_controller:/home/rtx3090/panda_ws/install/panda_vision:/opt/ros/humble /home/rtx3090/.local/bin/cmake /home/rtx3090/panda_ws/src/panda_moveit -DAMENT_CMAKE_SYMLINK_INSTALL=1 -DCMAKE_INSTALL_PREFIX=/home/rtx3090/panda_ws/install/panda_moveit[0m
[1.130s] [34mcolcon.colcon_core.event_handler.log_command[0m [1;30mDEBUG[0m [32mInvoking command in '/home/rtx3090/panda_ws/build/panda_vision': PYTHONPATH=/home/rtx3090/panda_ws/build/panda_vision/prefix_override:/usr/lib/python3/dist-packages/colcon_core/task/python/colcon_distutils_commands:/home/rtx3090/panda_ws/install/panda_vision/lib/python3.10/site-packages:${PYTHONPATH} /usr/bin/python3 -W ignore:setup.py install is deprecated -W ignore:easy_install command is deprecated setup.py develop --editable --build-directory /home/rtx3090/panda_ws/build/panda_vision/build --no-deps symlink_data[0m
[1.161s] [34mcolcon.colcon_core.event_handler.log_command[0m [1;30mDEBUG[0m [32mInvoked command in '/home/rtx3090/panda_ws/build/pymoveit2' returned '0': CMAKE_PREFIX_PATH=${CMAKE_PREFIX_PATH}:/home/rtx3090/panda_ws/install/panda_vision:/opt/ros/humble /home/rtx3090/.local/bin/cmake /home/rtx3090/panda_ws/src/pymoveit2 -DAMENT_CMAKE_SYMLINK_INSTALL=1 -DCMAKE_INSTALL_PREFIX=/home/rtx3090/panda_ws/install/pymoveit2[0m
[1.162s] [34mcolcon.colcon_core.event_handler.log_command[0m [1;30mDEBUG[0m [32mInvoking command in '/home/rtx3090/panda_ws/build/pymoveit2': CMAKE_PREFIX_PATH=${CMAKE_PREFIX_PATH}:/home/rtx3090/panda_ws/install/panda_vision:/opt/ros/humble /home/rtx3090/.local/bin/cmake --build /home/rtx3090/panda_ws/build/pymoveit2 -- -j20 -l20[0m
[1.648s] [34mcolcon.colcon_core.event_handler.log_command[0m [1;30mDEBUG[0m [32mInvoked command in '/home/rtx3090/panda_ws/build/pymoveit2' returned '0': CMAKE_PREFIX_PATH=${CMAKE_PREFIX_PATH}:/home/rtx3090/panda_ws/install/panda_vision:/opt/ros/humble /home/rtx3090/.local/bin/cmake --build /home/rtx3090/panda_ws/build/pymoveit2 -- -j20 -l20[0m
[1.649s] [34mcolcon.colcon_core.event_handler.log_command[0m [1;30mDEBUG[0m [32mInvoking command in '/home/rtx3090/panda_ws/build/pymoveit2': CMAKE_PREFIX_PATH=${CMAKE_PREFIX_PATH}:/home/rtx3090/panda_ws/install/panda_vision:/opt/ros/humble /home/rtx3090/.local/bin/cmake --install /home/rtx3090/panda_ws/build/pymoveit2[0m
[1.769s] [34mcolcon.colcon_core.event_handler.log_command[0m [1;30mDEBUG[0m [32mInvoked command in '/home/rtx3090/panda_ws/build/panda_moveit' returned '0': CMAKE_PREFIX_PATH=/home/rtx3090/panda_ws/install/panda_description:/home/rtx3090/panda_ws/install/panda_bringup:/home/rtx3090/panda_ws/install/pymoveit2:/home/rtx3090/panda_ws/install/panda_moveit:/home/rtx3090/panda_ws/install/panda_controller:/home/rtx3090/panda_ws/install/panda_vision:/opt/ros/humble /home/rtx3090/.local/bin/cmake /home/rtx3090/panda_ws/src/panda_moveit -DAMENT_CMAKE_SYMLINK_INSTALL=1 -DCMAKE_INSTALL_PREFIX=/home/rtx3090/panda_ws/install/panda_moveit[0m
[1.771s] [34mcolcon.colcon_core.event_handler.log_command[0m [1;30mDEBUG[0m [32mInvoking command in '/home/rtx3090/panda_ws/build/panda_moveit': CMAKE_PREFIX_PATH=/home/rtx3090/panda_ws/install/panda_description:/home/rtx3090/panda_ws/install/panda_bringup:/home/rtx3090/panda_ws/install/pymoveit2:/home/rtx3090/panda_ws/install/panda_moveit:/home/rtx3090/panda_ws/install/panda_controller:/home/rtx3090/panda_ws/install/panda_vision:/opt/ros/humble /home/rtx3090/.local/bin/cmake --build /home/rtx3090/panda_ws/build/panda_moveit -- -j20 -l20[0m
[1.810s] [34mcolcon.colcon_core.event_handler.log_command[0m [1;30mDEBUG[0m [32mInvoked command in '/home/rtx3090/panda_ws/build/panda_moveit' returned '0': CMAKE_PREFIX_PATH=/home/rtx3090/panda_ws/install/panda_description:/home/rtx3090/panda_ws/install/panda_bringup:/home/rtx3090/panda_ws/install/pymoveit2:/home/rtx3090/panda_ws/install/panda_moveit:/home/rtx3090/panda_ws/install/panda_controller:/home/rtx3090/panda_ws/install/panda_vision:/opt/ros/humble /home/rtx3090/.local/bin/cmake --build /home/rtx3090/panda_ws/build/panda_moveit -- -j20 -l20[0m
[1.811s] [34mcolcon.colcon_core.event_handler.log_command[0m [1;30mDEBUG[0m [32mInvoking command in '/home/rtx3090/panda_ws/build/panda_moveit': CMAKE_PREFIX_PATH=/home/rtx3090/panda_ws/install/panda_description:/home/rtx3090/panda_ws/install/panda_bringup:/home/rtx3090/panda_ws/install/pymoveit2:/home/rtx3090/panda_ws/install/panda_moveit:/home/rtx3090/panda_ws/install/panda_controller:/home/rtx3090/panda_ws/install/panda_vision:/opt/ros/humble /home/rtx3090/.local/bin/cmake --install /home/rtx3090/panda_ws/build/panda_moveit[0m
[1.826s] [34mcolcon.colcon_core.environment[0m [1;30mLevel 1[0m create_environment_scripts_only(pymoveit2)
[1.827s] [34mcolcon.colcon_core.environment[0m [1;30mLevel 1[0m checking '/home/rtx3090/panda_ws/install/pymoveit2' for CMake module files
[1.827s] [34mcolcon.colcon_core.event_handler.log_command[0m [1;30mDEBUG[0m [32mInvoked command in '/home/rtx3090/panda_ws/build/pymoveit2' returned '0': CMAKE_PREFIX_PATH=${CMAKE_PREFIX_PATH}:/home/rtx3090/panda_ws/install/panda_vision:/opt/ros/humble /home/rtx3090/.local/bin/cmake --install /home/rtx3090/panda_ws/build/pymoveit2[0m
[1.827s] [34mcolcon.colcon_core.environment[0m [1;30mLevel 1[0m checking '/home/rtx3090/panda_ws/install/pymoveit2' for CMake config files
[1.828s] [34mcolcon.colcon_core.shell[0m [1;30mLevel 1[0m create_environment_hook('pymoveit2', 'cmake_prefix_path')
[1.828s] [34mcolcon.colcon_core.shell[0m [1;30mINFO[0m Creating environment hook '/home/rtx3090/panda_ws/install/pymoveit2/share/pymoveit2/hook/cmake_prefix_path.ps1'
[1.828s] [34mcolcon.colcon_core.shell[0m [1;30mINFO[0m Creating environment descriptor '/home/rtx3090/panda_ws/install/pymoveit2/share/pymoveit2/hook/cmake_prefix_path.dsv'
[1.828s] [34mcolcon.colcon_core.shell[0m [1;30mINFO[0m Creating environment hook '/home/rtx3090/panda_ws/install/pymoveit2/share/pymoveit2/hook/cmake_prefix_path.sh'
[1.829s] [34mcolcon.colcon_core.environment[0m [1;30mLevel 1[0m checking '/home/rtx3090/panda_ws/install/pymoveit2/lib'
[1.829s] [34mcolcon.colcon_core.environment[0m [1;30mLevel 1[0m checking '/home/rtx3090/panda_ws/install/pymoveit2/bin'
[1.829s] [34mcolcon.colcon_core.environment[0m [1;30mLevel 1[0m checking '/home/rtx3090/panda_ws/install/pymoveit2/lib/pkgconfig/pymoveit2.pc'
[1.829s] [34mcolcon.colcon_core.environment[0m [1;30mLevel 1[0m checking '/home/rtx3090/panda_ws/install/pymoveit2/lib/python3.10/site-packages'
[1.829s] [34mcolcon.colcon_core.environment[0m [1;30mLevel 1[0m checking '/home/rtx3090/panda_ws/install/pymoveit2/bin'
[1.830s] [34mcolcon.colcon_core.shell[0m [1;30mINFO[0m Creating package script '/home/rtx3090/panda_ws/install/pymoveit2/share/pymoveit2/package.ps1'
[1.830s] [34mcolcon.colcon_core.shell[0m [1;30mINFO[0m Creating package descriptor '/home/rtx3090/panda_ws/install/pymoveit2/share/pymoveit2/package.dsv'
[1.830s] [34mcolcon.colcon_core.shell[0m [1;30mINFO[0m Creating package script '/home/rtx3090/panda_ws/install/pymoveit2/share/pymoveit2/package.sh'
[1.830s] [34mcolcon.colcon_core.shell[0m [1;30mINFO[0m Creating package script '/home/rtx3090/panda_ws/install/pymoveit2/share/pymoveit2/package.bash'
[1.831s] [34mcolcon.colcon_core.shell[0m [1;30mINFO[0m Creating package script '/home/rtx3090/panda_ws/install/pymoveit2/share/pymoveit2/package.zsh'
[1.831s] [34mcolcon.colcon_core.environment[0m [1;30mLevel 1[0m create_file_with_runtime_dependencies(/home/rtx3090/panda_ws/install/pymoveit2/share/colcon-core/packages/pymoveit2)
[1.831s] [34mcolcon.colcon_core.environment[0m [1;30mLevel 1[0m create_environment_scripts_only(pymoveit2)
[1.832s] [34mcolcon.colcon_core.environment[0m [1;30mLevel 1[0m checking '/home/rtx3090/panda_ws/install/pymoveit2' for CMake module files
[1.832s] [34mcolcon.colcon_core.environment[0m [1;30mLevel 1[0m checking '/home/rtx3090/panda_ws/install/pymoveit2' for CMake config files
[1.832s] [34mcolcon.colcon_core.shell[0m [1;30mLevel 1[0m create_environment_hook('pymoveit2', 'cmake_prefix_path')
[1.832s] [34mcolcon.colcon_core.shell[0m [1;30mINFO[0m Creating environment hook '/home/rtx3090/panda_ws/install/pymoveit2/share/pymoveit2/hook/cmake_prefix_path.ps1'
[1.833s] [34mcolcon.colcon_core.shell[0m [1;30mINFO[0m Creating environment descriptor '/home/rtx3090/panda_ws/install/pymoveit2/share/pymoveit2/hook/cmake_prefix_path.dsv'
[1.833s] [34mcolcon.colcon_core.shell[0m [1;30mINFO[0m Creating environment hook '/home/rtx3090/panda_ws/install/pymoveit2/share/pymoveit2/hook/cmake_prefix_path.sh'
[1.834s] [34mcolcon.colcon_core.environment[0m [1;30mLevel 1[0m checking '/home/rtx3090/panda_ws/install/pymoveit2/lib'
[1.834s] [34mcolcon.colcon_core.environment[0m [1;30mLevel 1[0m checking '/home/rtx3090/panda_ws/install/pymoveit2/bin'
[1.834s] [34mcolcon.colcon_core.environment[0m [1;30mLevel 1[0m checking '/home/rtx3090/panda_ws/install/pymoveit2/lib/pkgconfig/pymoveit2.pc'
[1.834s] [34mcolcon.colcon_core.environment[0m [1;30mLevel 1[0m checking '/home/rtx3090/panda_ws/install/pymoveit2/lib/python3.10/site-packages'
[1.834s] [34mcolcon.colcon_core.environment[0m [1;30mLevel 1[0m checking '/home/rtx3090/panda_ws/install/pymoveit2/bin'
[1.835s] [34mcolcon.colcon_core.shell[0m [1;30mINFO[0m Creating package script '/home/rtx3090/panda_ws/install/pymoveit2/share/pymoveit2/package.ps1'
[1.835s] [34mcolcon.colcon_core.shell[0m [1;30mINFO[0m Creating package descriptor '/home/rtx3090/panda_ws/install/pymoveit2/share/pymoveit2/package.dsv'
[1.835s] [34mcolcon.colcon_core.shell[0m [1;30mINFO[0m Creating package script '/home/rtx3090/panda_ws/install/pymoveit2/share/pymoveit2/package.sh'
[1.836s] [34mcolcon.colcon_core.shell[0m [1;30mINFO[0m Creating package script '/home/rtx3090/panda_ws/install/pymoveit2/share/pymoveit2/package.bash'
[1.836s] [34mcolcon.colcon_core.shell[0m [1;30mINFO[0m Creating package script '/home/rtx3090/panda_ws/install/pymoveit2/share/pymoveit2/package.zsh'
[1.836s] [34mcolcon.colcon_core.environment[0m [1;30mLevel 1[0m create_file_with_runtime_dependencies(/home/rtx3090/panda_ws/install/pymoveit2/share/colcon-core/packages/pymoveit2)
[1.880s] [34mcolcon.colcon_core.environment[0m [1;30mLevel 1[0m create_environment_scripts_only(panda_moveit)
[1.880s] [34mcolcon.colcon_core.environment[0m [1;30mLevel 1[0m checking '/home/rtx3090/panda_ws/install/panda_moveit' for CMake module files
[1.881s] [34mcolcon.colcon_core.event_handler.log_command[0m [1;30mDEBUG[0m [32mInvoked command in '/home/rtx3090/panda_ws/build/panda_moveit' returned '0': CMAKE_PREFIX_PATH=/home/rtx3090/panda_ws/install/panda_description:/home/rtx3090/panda_ws/install/panda_bringup:/home/rtx3090/panda_ws/install/pymoveit2:/home/rtx3090/panda_ws/install/panda_moveit:/home/rtx3090/panda_ws/install/panda_controller:/home/rtx3090/panda_ws/install/panda_vision:/opt/ros/humble /home/rtx3090/.local/bin/cmake --install /home/rtx3090/panda_ws/build/panda_moveit[0m
[1.881s] [34mcolcon.colcon_core.environment[0m [1;30mLevel 1[0m checking '/home/rtx3090/panda_ws/install/panda_moveit' for CMake config files
[1.881s] [34mcolcon.colcon_core.shell[0m [1;30mLevel 1[0m create_environment_hook('panda_moveit', 'cmake_prefix_path')
[1.881s] [34mcolcon.colcon_core.shell[0m [1;30mINFO[0m Creating environment hook '/home/rtx3090/panda_ws/install/panda_moveit/share/panda_moveit/hook/cmake_prefix_path.ps1'
[1.882s] [34mcolcon.colcon_core.shell[0m [1;30mINFO[0m Creating environment descriptor '/home/rtx3090/panda_ws/install/panda_moveit/share/panda_moveit/hook/cmake_prefix_path.dsv'
[1.882s] [34mcolcon.colcon_core.shell[0m [1;30mINFO[0m Creating environment hook '/home/rtx3090/panda_ws/install/panda_moveit/share/panda_moveit/hook/cmake_prefix_path.sh'
[1.882s] [34mcolcon.colcon_core.environment[0m [1;30mLevel 1[0m checking '/home/rtx3090/panda_ws/install/panda_moveit/bin'
[1.882s] [34mcolcon.colcon_core.environment[0m [1;30mLevel 1[0m checking '/home/rtx3090/panda_ws/install/panda_moveit/lib/pkgconfig/panda_moveit.pc'
[1.882s] [34mcolcon.colcon_core.environment[0m [1;30mLevel 1[0m checking '/home/rtx3090/panda_ws/install/panda_moveit/lib/python3.10/site-packages'
[1.883s] [34mcolcon.colcon_core.environment[0m [1;30mLevel 1[0m checking '/home/rtx3090/panda_ws/install/panda_moveit/bin'
[1.883s] [34mcolcon.colcon_core.shell[0m [1;30mINFO[0m Creating package script '/home/rtx3090/panda_ws/install/panda_moveit/share/panda_moveit/package.ps1'
[1.883s] [34mcolcon.colcon_core.shell[0m [1;30mINFO[0m Creating package descriptor '/home/rtx3090/panda_ws/install/panda_moveit/share/panda_moveit/package.dsv'
[1.883s] [34mcolcon.colcon_core.shell[0m [1;30mINFO[0m Creating package script '/home/rtx3090/panda_ws/install/panda_moveit/share/panda_moveit/package.sh'
[1.884s] [34mcolcon.colcon_core.shell[0m [1;30mINFO[0m Creating package script '/home/rtx3090/panda_ws/install/panda_moveit/share/panda_moveit/package.bash'
[1.884s] [34mcolcon.colcon_core.shell[0m [1;30mINFO[0m Creating package script '/home/rtx3090/panda_ws/install/panda_moveit/share/panda_moveit/package.zsh'
[1.884s] [34mcolcon.colcon_core.environment[0m [1;30mLevel 1[0m create_file_with_runtime_dependencies(/home/rtx3090/panda_ws/install/panda_moveit/share/colcon-core/packages/panda_moveit)
[1.885s] [34mcolcon.colcon_core.environment[0m [1;30mLevel 1[0m create_environment_scripts_only(panda_moveit)
[1.885s] [34mcolcon.colcon_core.environment[0m [1;30mLevel 1[0m checking '/home/rtx3090/panda_ws/install/panda_moveit' for CMake module files
[1.885s] [34mcolcon.colcon_core.environment[0m [1;30mLevel 1[0m checking '/home/rtx3090/panda_ws/install/panda_moveit' for CMake config files
[1.885s] [34mcolcon.colcon_core.shell[0m [1;30mLevel 1[0m create_environment_hook('panda_moveit', 'cmake_prefix_path')
[1.885s] [34mcolcon.colcon_core.shell[0m [1;30mINFO[0m Creating environment hook '/home/rtx3090/panda_ws/install/panda_moveit/share/panda_moveit/hook/cmake_prefix_path.ps1'
[1.886s] [34mcolcon.colcon_core.shell[0m [1;30mINFO[0m Creating environment descriptor '/home/rtx3090/panda_ws/install/panda_moveit/share/panda_moveit/hook/cmake_prefix_path.dsv'
[1.886s] [34mcolcon.colcon_core.shell[0m [1;30mINFO[0m Creating environment hook '/home/rtx3090/panda_ws/install/panda_moveit/share/panda_moveit/hook/cmake_prefix_path.sh'
[1.886s] [34mcolcon.colcon_core.environment[0m [1;30mLevel 1[0m checking '/home/rtx3090/panda_ws/install/panda_moveit/bin'
[1.886s] [34mcolcon.colcon_core.environment[0m [1;30mLevel 1[0m checking '/home/rtx3090/panda_ws/install/panda_moveit/lib/pkgconfig/panda_moveit.pc'
[1.886s] [34mcolcon.colcon_core.environment[0m [1;30mLevel 1[0m checking '/home/rtx3090/panda_ws/install/panda_moveit/lib/python3.10/site-packages'
[1.887s] [34mcolcon.colcon_core.environment[0m [1;30mLevel 1[0m checking '/home/rtx3090/panda_ws/install/panda_moveit/bin'
[1.887s] [34mcolcon.colcon_core.shell[0m [1;30mINFO[0m Creating package script '/home/rtx3090/panda_ws/install/panda_moveit/share/panda_moveit/package.ps1'
[1.887s] [34mcolcon.colcon_core.shell[0m [1;30mINFO[0m Creating package descriptor '/home/rtx3090/panda_ws/install/panda_moveit/share/panda_moveit/package.dsv'
[1.887s] [34mcolcon.colcon_core.shell[0m [1;30mINFO[0m Creating package script '/home/rtx3090/panda_ws/install/panda_moveit/share/panda_moveit/package.sh'
[1.888s] [34mcolcon.colcon_core.shell[0m [1;30mINFO[0m Creating package script '/home/rtx3090/panda_ws/install/panda_moveit/share/panda_moveit/package.bash'
[1.888s] [34mcolcon.colcon_core.shell[0m [1;30mINFO[0m Creating package script '/home/rtx3090/panda_ws/install/panda_moveit/share/panda_moveit/package.zsh'
[1.888s] [34mcolcon.colcon_core.environment[0m [1;30mLevel 1[0m create_file_with_runtime_dependencies(/home/rtx3090/panda_ws/install/panda_moveit/share/colcon-core/packages/panda_moveit)
[2.124s] [34mcolcon.colcon_core.shell[0m [1;30mLevel 1[0m create_environment_hook('panda_vision', 'pythonpath_develop')
[2.124s] [34mcolcon.colcon_core.shell[0m [1;30mINFO[0m Creating environment hook '/home/rtx3090/panda_ws/build/panda_vision/share/panda_vision/hook/pythonpath_develop.ps1'
[2.125s] [34mcolcon.colcon_core.event_handler.log_command[0m [1;30mDEBUG[0m [32mInvoked command in '/home/rtx3090/panda_ws/build/panda_vision' returned '0': PYTHONPATH=/home/rtx3090/panda_ws/build/panda_vision/prefix_override:/usr/lib/python3/dist-packages/colcon_core/task/python/colcon_distutils_commands:/home/rtx3090/panda_ws/install/panda_vision/lib/python3.10/site-packages:${PYTHONPATH} /usr/bin/python3 -W ignore:setup.py install is deprecated -W ignore:easy_install command is deprecated setup.py develop --editable --build-directory /home/rtx3090/panda_ws/build/panda_vision/build --no-deps symlink_data[0m
[2.125s] [34mcolcon.colcon_core.shell[0m [1;30mINFO[0m Creating environment descriptor '/home/rtx3090/panda_ws/build/panda_vision/share/panda_vision/hook/pythonpath_develop.dsv'
[2.125s] [34mcolcon.colcon_core.shell[0m [1;30mINFO[0m Creating environment hook '/home/rtx3090/panda_ws/build/panda_vision/share/panda_vision/hook/pythonpath_develop.sh'
[2.126s] [34mcolcon.colcon_core.environment[0m [1;30mLevel 1[0m checking '/home/rtx3090/panda_ws/install/panda_vision' for CMake module files
[2.126s] [34mcolcon.colcon_core.environment[0m [1;30mLevel 1[0m checking '/home/rtx3090/panda_ws/install/panda_vision' for CMake config files
[2.126s] [34mcolcon.colcon_core.environment[0m [1;30mLevel 1[0m checking '/home/rtx3090/panda_ws/install/panda_vision/lib'
[2.126s] [34mcolcon.colcon_core.environment[0m [1;30mLevel 1[0m checking '/home/rtx3090/panda_ws/install/panda_vision/bin'
[2.126s] [34mcolcon.colcon_core.environment[0m [1;30mLevel 1[0m checking '/home/rtx3090/panda_ws/install/panda_vision/lib/pkgconfig/panda_vision.pc'
[2.126s] [34mcolcon.colcon_core.environment[0m [1;30mLevel 1[0m checking '/home/rtx3090/panda_ws/install/panda_vision/lib/python3.10/site-packages'
[2.127s] [34mcolcon.colcon_core.shell[0m [1;30mLevel 1[0m create_environment_hook('panda_vision', 'pythonpath')
[2.127s] [34mcolcon.colcon_core.shell[0m [1;30mINFO[0m Creating environment hook '/home/rtx3090/panda_ws/install/panda_vision/share/panda_vision/hook/pythonpath.ps1'
[2.127s] [34mcolcon.colcon_core.shell[0m [1;30mINFO[0m Creating environment descriptor '/home/rtx3090/panda_ws/install/panda_vision/share/panda_vision/hook/pythonpath.dsv'
[2.127s] [34mcolcon.colcon_core.shell[0m [1;30mINFO[0m Creating environment hook '/home/rtx3090/panda_ws/install/panda_vision/share/panda_vision/hook/pythonpath.sh'
[2.128s] [34mcolcon.colcon_core.environment[0m [1;30mLevel 1[0m checking '/home/rtx3090/panda_ws/install/panda_vision/bin'
[2.128s] [34mcolcon.colcon_core.environment[0m [1;30mLevel 1[0m create_environment_scripts_only(panda_vision)
[2.128s] [34mcolcon.colcon_core.shell[0m [1;30mINFO[0m Creating package script '/home/rtx3090/panda_ws/install/panda_vision/share/panda_vision/package.ps1'
[2.128s] [34mcolcon.colcon_core.shell[0m [1;30mINFO[0m Creating package descriptor '/home/rtx3090/panda_ws/install/panda_vision/share/panda_vision/package.dsv'
[2.129s] [34mcolcon.colcon_core.shell[0m [1;30mINFO[0m Creating package script '/home/rtx3090/panda_ws/install/panda_vision/share/panda_vision/package.sh'
[2.129s] [34mcolcon.colcon_core.shell[0m [1;30mINFO[0m Creating package script '/home/rtx3090/panda_ws/install/panda_vision/share/panda_vision/package.bash'
[2.129s] [34mcolcon.colcon_core.shell[0m [1;30mINFO[0m Creating package script '/home/rtx3090/panda_ws/install/panda_vision/share/panda_vision/package.zsh'
[2.129s] [34mcolcon.colcon_core.environment[0m [1;30mLevel 1[0m create_file_with_runtime_dependencies(/home/rtx3090/panda_ws/install/panda_vision/share/colcon-core/packages/panda_vision)
[2.511s] [34mcolcon.colcon_core.event_handler.log_command[0m [1;30mDEBUG[0m [32mInvoked command in '/home/rtx3090/panda_ws/build/panda_controller' returned '0': CMAKE_PREFIX_PATH=/home/rtx3090/panda_ws/install/panda_description:/home/rtx3090/panda_ws/install/panda_bringup:/home/rtx3090/panda_ws/install/pymoveit2:/home/rtx3090/panda_ws/install/panda_moveit:/home/rtx3090/panda_ws/install/panda_controller:/home/rtx3090/panda_ws/install/panda_vision:/opt/ros/humble /home/rtx3090/.local/bin/cmake /home/rtx3090/panda_ws/src/panda_controller -DAMENT_CMAKE_SYMLINK_INSTALL=1 -DCMAKE_INSTALL_PREFIX=/home/rtx3090/panda_ws/install/panda_controller[0m
[2.512s] [34mcolcon.colcon_core.event_handler.log_command[0m [1;30mDEBUG[0m [32mInvoking command in '/home/rtx3090/panda_ws/build/panda_controller': CMAKE_PREFIX_PATH=/home/rtx3090/panda_ws/install/panda_description:/home/rtx3090/panda_ws/install/panda_bringup:/home/rtx3090/panda_ws/install/pymoveit2:/home/rtx3090/panda_ws/install/panda_moveit:/home/rtx3090/panda_ws/install/panda_controller:/home/rtx3090/panda_ws/install/panda_vision:/opt/ros/humble /home/rtx3090/.local/bin/cmake --build /home/rtx3090/panda_ws/build/panda_controller -- -j20 -l20[0m
[2.959s] [34mcolcon.colcon_core.event_handler.log_command[0m [1;30mDEBUG[0m [32mInvoked command in '/home/rtx3090/panda_ws/build/panda_controller' returned '0': CMAKE_PREFIX_PATH=/home/rtx3090/panda_ws/install/panda_description:/home/rtx3090/panda_ws/install/panda_bringup:/home/rtx3090/panda_ws/install/pymoveit2:/home/rtx3090/panda_ws/install/panda_moveit:/home/rtx3090/panda_ws/install/panda_controller:/home/rtx3090/panda_ws/install/panda_vision:/opt/ros/humble /home/rtx3090/.local/bin/cmake --build /home/rtx3090/panda_ws/build/panda_controller -- -j20 -l20[0m
[2.960s] [34mcolcon.colcon_core.event_handler.log_command[0m [1;30mDEBUG[0m [32mInvoking command in '/home/rtx3090/panda_ws/build/panda_controller': CMAKE_PREFIX_PATH=/home/rtx3090/panda_ws/install/panda_description:/home/rtx3090/panda_ws/install/panda_bringup:/home/rtx3090/panda_ws/install/pymoveit2:/home/rtx3090/panda_ws/install/panda_moveit:/home/rtx3090/panda_ws/install/panda_controller:/home/rtx3090/panda_ws/install/panda_vision:/opt/ros/humble /home/rtx3090/.local/bin/cmake --install /home/rtx3090/panda_ws/build/panda_controller[0m
[3.061s] [34mcolcon.colcon_core.environment[0m [1;30mLevel 1[0m create_environment_scripts_only(panda_controller)
[3.062s] [34mcolcon.colcon_core.environment[0m [1;30mLevel 1[0m checking '/home/rtx3090/panda_ws/install/panda_controller' for CMake module files
[3.062s] [34mcolcon.colcon_core.event_handler.log_command[0m [1;30mDEBUG[0m [32mInvoked command in '/home/rtx3090/panda_ws/build/panda_controller' returned '0': CMAKE_PREFIX_PATH=/home/rtx3090/panda_ws/install/panda_description:/home/rtx3090/panda_ws/install/panda_bringup:/home/rtx3090/panda_ws/install/pymoveit2:/home/rtx3090/panda_ws/install/panda_moveit:/home/rtx3090/panda_ws/install/panda_controller:/home/rtx3090/panda_ws/install/panda_vision:/opt/ros/humble /home/rtx3090/.local/bin/cmake --install /home/rtx3090/panda_ws/build/panda_controller[0m
[3.062s] [34mcolcon.colcon_core.environment[0m [1;30mLevel 1[0m checking '/home/rtx3090/panda_ws/install/panda_controller' for CMake config files
[3.063s] [34mcolcon.colcon_core.shell[0m [1;30mLevel 1[0m create_environment_hook('panda_controller', 'cmake_prefix_path')
[3.063s] [34mcolcon.colcon_core.shell[0m [1;30mINFO[0m Creating environment hook '/home/rtx3090/panda_ws/install/panda_controller/share/panda_controller/hook/cmake_prefix_path.ps1'
[3.063s] [34mcolcon.colcon_core.shell[0m [1;30mINFO[0m Creating environment descriptor '/home/rtx3090/panda_ws/install/panda_controller/share/panda_controller/hook/cmake_prefix_path.dsv'
[3.063s] [34mcolcon.colcon_core.shell[0m [1;30mINFO[0m Creating environment hook '/home/rtx3090/panda_ws/install/panda_controller/share/panda_controller/hook/cmake_prefix_path.sh'
[3.064s] [34mcolcon.colcon_core.environment[0m [1;30mLevel 1[0m checking '/home/rtx3090/panda_ws/install/panda_controller/lib'
[3.064s] [34mcolcon.colcon_core.environment[0m [1;30mLevel 1[0m checking '/home/rtx3090/panda_ws/install/panda_controller/bin'
[3.064s] [34mcolcon.colcon_core.environment[0m [1;30mLevel 1[0m checking '/home/rtx3090/panda_ws/install/panda_controller/lib/pkgconfig/panda_controller.pc'
[3.064s] [34mcolcon.colcon_core.environment[0m [1;30mLevel 1[0m checking '/home/rtx3090/panda_ws/install/panda_controller/lib/python3.10/site-packages'
[3.064s] [34mcolcon.colcon_core.environment[0m [1;30mLevel 1[0m checking '/home/rtx3090/panda_ws/install/panda_controller/bin'
[3.064s] [34mcolcon.colcon_core.shell[0m [1;30mINFO[0m Creating package script '/home/rtx3090/panda_ws/install/panda_controller/share/panda_controller/package.ps1'
[3.065s] [34mcolcon.colcon_core.shell[0m [1;30mINFO[0m Creating package descriptor '/home/rtx3090/panda_ws/install/panda_controller/share/panda_controller/package.dsv'
[3.065s] [34mcolcon.colcon_core.shell[0m [1;30mINFO[0m Creating package script '/home/rtx3090/panda_ws/install/panda_controller/share/panda_controller/package.sh'
[3.065s] [34mcolcon.colcon_core.shell[0m [1;30mINFO[0m Creating package script '/home/rtx3090/panda_ws/install/panda_controller/share/panda_controller/package.bash'
[3.066s] [34mcolcon.colcon_core.shell[0m [1;30mINFO[0m Creating package script '/home/rtx3090/panda_ws/install/panda_controller/share/panda_controller/package.zsh'
[3.066s] [34mcolcon.colcon_core.environment[0m [1;30mLevel 1[0m create_file_with_runtime_dependencies(/home/rtx3090/panda_ws/install/panda_controller/share/colcon-core/packages/panda_controller)
[3.066s] [34mcolcon.colcon_core.environment[0m [1;30mLevel 1[0m create_environment_scripts_only(panda_controller)
[3.066s] [34mcolcon.colcon_core.environment[0m [1;30mLevel 1[0m checking '/home/rtx3090/panda_ws/install/panda_controller' for CMake module files
[3.067s] [34mcolcon.colcon_core.environment[0m [1;30mLevel 1[0m checking '/home/rtx3090/panda_ws/install/panda_controller' for CMake config files
[3.067s] [34mcolcon.colcon_core.shell[0m [1;30mLevel 1[0m create_environment_hook('panda_controller', 'cmake_prefix_path')
[3.067s] [34mcolcon.colcon_core.shell[0m [1;30mINFO[0m Creating environment hook '/home/rtx3090/panda_ws/install/panda_controller/share/panda_controller/hook/cmake_prefix_path.ps1'
[3.067s] [34mcolcon.colcon_core.shell[0m [1;30mINFO[0m Creating environment descriptor '/home/rtx3090/panda_ws/install/panda_controller/share/panda_controller/hook/cmake_prefix_path.dsv'
[3.068s] [34mcolcon.colcon_core.shell[0m [1;30mINFO[0m Creating environment hook '/home/rtx3090/panda_ws/install/panda_controller/share/panda_controller/hook/cmake_prefix_path.sh'
[3.068s] [34mcolcon.colcon_core.environment[0m [1;30mLevel 1[0m checking '/home/rtx3090/panda_ws/install/panda_controller/lib'
[3.068s] [34mcolcon.colcon_core.environment[0m [1;30mLevel 1[0m checking '/home/rtx3090/panda_ws/install/panda_controller/bin'
[3.068s] [34mcolcon.colcon_core.environment[0m [1;30mLevel 1[0m checking '/home/rtx3090/panda_ws/install/panda_controller/lib/pkgconfig/panda_controller.pc'
[3.068s] [34mcolcon.colcon_core.environment[0m [1;30mLevel 1[0m checking '/home/rtx3090/panda_ws/install/panda_controller/lib/python3.10/site-packages'
[3.068s] [34mcolcon.colcon_core.environment[0m [1;30mLevel 1[0m checking '/home/rtx3090/panda_ws/install/panda_controller/bin'
[3.069s] [34mcolcon.colcon_core.shell[0m [1;30mINFO[0m Creating package script '/home/rtx3090/panda_ws/install/panda_controller/share/panda_controller/package.ps1'
[3.069s] [34mcolcon.colcon_core.shell[0m [1;30mINFO[0m Creating package descriptor '/home/rtx3090/panda_ws/install/panda_controller/share/panda_controller/package.dsv'
[3.069s] [34mcolcon.colcon_core.shell[0m [1;30mINFO[0m Creating package script '/home/rtx3090/panda_ws/install/panda_controller/share/panda_controller/package.sh'
[3.069s] [34mcolcon.colcon_core.shell[0m [1;30mINFO[0m Creating package script '/home/rtx3090/panda_ws/install/panda_controller/share/panda_controller/package.bash'
[3.070s] [34mcolcon.colcon_core.shell[0m [1;30mINFO[0m Creating package script '/home/rtx3090/panda_ws/install/panda_controller/share/panda_controller/package.zsh'
[3.070s] [34mcolcon.colcon_core.environment[0m [1;30mLevel 1[0m create_file_with_runtime_dependencies(/home/rtx3090/panda_ws/install/panda_controller/share/colcon-core/packages/panda_controller)
[3.070s] [34mcolcon.colcon_ros.task.ament_cmake.build[0m [1;30mINFO[0m Building ROS package in '/home/rtx3090/panda_ws/src/panda_bringup' with build type 'ament_cmake'
[3.070s] [34mcolcon.colcon_cmake.task.cmake.build[0m [1;30mINFO[0m Building CMake package in '/home/rtx3090/panda_ws/src/panda_bringup'
[3.071s] [34mcolcon.colcon_core.shell[0m [1;30mINFO[0m Skip shell extension 'powershell' for command environment: Not usable outside of PowerShell
[3.071s] [34mcolcon.colcon_core.shell[0m [1;30mDEBUG[0m [32mSkip shell extension 'dsv' for command environment[0m
[3.079s] [34mcolcon.colcon_core.event_handler.log_command[0m [1;30mDEBUG[0m [32mInvoking command in '/home/rtx3090/panda_ws/build/panda_bringup': AMENT_PREFIX_PATH=/home/rtx3090/panda_ws/install/panda_vision:/home/rtx3090/panda_ws/install/panda_bringup:/home/rtx3090/panda_ws/install/pymoveit2:/home/rtx3090/panda_ws/install/panda_moveit:/home/rtx3090/panda_ws/install/panda_controller:/home/rtx3090/panda_ws/install/panda_description:/opt/ros/humble CMAKE_PREFIX_PATH=/home/rtx3090/panda_ws/install/panda_moveit:/home/rtx3090/panda_ws/install/panda_controller:/home/rtx3090/panda_ws/install/pymoveit2:/home/rtx3090/panda_ws/install/panda_description:/home/rtx3090/panda_ws/install/panda_bringup:/home/rtx3090/panda_ws/install/panda_vision:/opt/ros/humble PYTHONPATH=/home/rtx3090/panda_ws/build/panda_vision:/home/rtx3090/panda_ws/install/panda_vision/lib/python3.10/site-packages:/home/rtx3090/panda_ws/install/pymoveit2/local/lib/python3.10/dist-packages:/home/rtx3090/panda_ws/install/panda_controller/local/lib/python3.10/dist-packages:/opt/ros/humble/lib/python3.10/site-packages:/opt/ros/humble/local/lib/python3.10/dist-packages /home/rtx3090/.local/bin/cmake /home/rtx3090/panda_ws/src/panda_bringup -DAMENT_CMAKE_SYMLINK_INSTALL=1 -DCMAKE_INSTALL_PREFIX=/home/rtx3090/panda_ws/install/panda_bringup[0m
[3.659s] [34mcolcon.colcon_core.event_handler.log_command[0m [1;30mDEBUG[0m [32mInvoked command in '/home/rtx3090/panda_ws/build/panda_bringup' returned '0': AMENT_PREFIX_PATH=/home/rtx3090/panda_ws/install/panda_vision:/home/rtx3090/panda_ws/install/panda_bringup:/home/rtx3090/panda_ws/install/pymoveit2:/home/rtx3090/panda_ws/install/panda_moveit:/home/rtx3090/panda_ws/install/panda_controller:/home/rtx3090/panda_ws/install/panda_description:/opt/ros/humble CMAKE_PREFIX_PATH=/home/rtx3090/panda_ws/install/panda_moveit:/home/rtx3090/panda_ws/install/panda_controller:/home/rtx3090/panda_ws/install/pymoveit2:/home/rtx3090/panda_ws/install/panda_description:/home/rtx3090/panda_ws/install/panda_bringup:/home/rtx3090/panda_ws/install/panda_vision:/opt/ros/humble PYTHONPATH=/home/rtx3090/panda_ws/build/panda_vision:/home/rtx3090/panda_ws/install/panda_vision/lib/python3.10/site-packages:/home/rtx3090/panda_ws/install/pymoveit2/local/lib/python3.10/dist-packages:/home/rtx3090/panda_ws/install/panda_controller/local/lib/python3.10/dist-packages:/opt/ros/humble/lib/python3.10/site-packages:/opt/ros/humble/local/lib/python3.10/dist-packages /home/rtx3090/.local/bin/cmake /home/rtx3090/panda_ws/src/panda_bringup -DAMENT_CMAKE_SYMLINK_INSTALL=1 -DCMAKE_INSTALL_PREFIX=/home/rtx3090/panda_ws/install/panda_bringup[0m
[3.660s] [34mcolcon.colcon_core.event_handler.log_command[0m [1;30mDEBUG[0m [32mInvoking command in '/home/rtx3090/panda_ws/build/panda_bringup': AMENT_PREFIX_PATH=/home/rtx3090/panda_ws/install/panda_vision:/home/rtx3090/panda_ws/install/panda_bringup:/home/rtx3090/panda_ws/install/pymoveit2:/home/rtx3090/panda_ws/install/panda_moveit:/home/rtx3090/panda_ws/install/panda_controller:/home/rtx3090/panda_ws/install/panda_description:/opt/ros/humble CMAKE_PREFIX_PATH=/home/rtx3090/panda_ws/install/panda_moveit:/home/rtx3090/panda_ws/install/panda_controller:/home/rtx3090/panda_ws/install/pymoveit2:/home/rtx3090/panda_ws/install/panda_description:/home/rtx3090/panda_ws/install/panda_bringup:/home/rtx3090/panda_ws/install/panda_vision:/opt/ros/humble PYTHONPATH=/home/rtx3090/panda_ws/build/panda_vision:/home/rtx3090/panda_ws/install/panda_vision/lib/python3.10/site-packages:/home/rtx3090/panda_ws/install/pymoveit2/local/lib/python3.10/dist-packages:/home/rtx3090/panda_ws/install/panda_controller/local/lib/python3.10/dist-packages:/opt/ros/humble/lib/python3.10/site-packages:/opt/ros/humble/local/lib/python3.10/dist-packages /home/rtx3090/.local/bin/cmake --build /home/rtx3090/panda_ws/build/panda_bringup -- -j20 -l20[0m
[3.690s] [34mcolcon.colcon_core.event_handler.log_command[0m [1;30mDEBUG[0m [32mInvoked command in '/home/rtx3090/panda_ws/build/panda_bringup' returned '0': AMENT_PREFIX_PATH=/home/rtx3090/panda_ws/install/panda_vision:/home/rtx3090/panda_ws/install/panda_bringup:/home/rtx3090/panda_ws/install/pymoveit2:/home/rtx3090/panda_ws/install/panda_moveit:/home/rtx3090/panda_ws/install/panda_controller:/home/rtx3090/panda_ws/install/panda_description:/opt/ros/humble CMAKE_PREFIX_PATH=/home/rtx3090/panda_ws/install/panda_moveit:/home/rtx3090/panda_ws/install/panda_controller:/home/rtx3090/panda_ws/install/pymoveit2:/home/rtx3090/panda_ws/install/panda_description:/home/rtx3090/panda_ws/install/panda_bringup:/home/rtx3090/panda_ws/install/panda_vision:/opt/ros/humble PYTHONPATH=/home/rtx3090/panda_ws/build/panda_vision:/home/rtx3090/panda_ws/install/panda_vision/lib/python3.10/site-packages:/home/rtx3090/panda_ws/install/pymoveit2/local/lib/python3.10/dist-packages:/home/rtx3090/panda_ws/install/panda_controller/local/lib/python3.10/dist-packages:/opt/ros/humble/lib/python3.10/site-packages:/opt/ros/humble/local/lib/python3.10/dist-packages /home/rtx3090/.local/bin/cmake --build /home/rtx3090/panda_ws/build/panda_bringup -- -j20 -l20[0m
[3.691s] [34mcolcon.colcon_core.event_handler.log_command[0m [1;30mDEBUG[0m [32mInvoking command in '/home/rtx3090/panda_ws/build/panda_bringup': AMENT_PREFIX_PATH=/home/rtx3090/panda_ws/install/panda_vision:/home/rtx3090/panda_ws/install/panda_bringup:/home/rtx3090/panda_ws/install/pymoveit2:/home/rtx3090/panda_ws/install/panda_moveit:/home/rtx3090/panda_ws/install/panda_controller:/home/rtx3090/panda_ws/install/panda_description:/opt/ros/humble CMAKE_PREFIX_PATH=/home/rtx3090/panda_ws/install/panda_moveit:/home/rtx3090/panda_ws/install/panda_controller:/home/rtx3090/panda_ws/install/pymoveit2:/home/rtx3090/panda_ws/install/panda_description:/home/rtx3090/panda_ws/install/panda_bringup:/home/rtx3090/panda_ws/install/panda_vision:/opt/ros/humble PYTHONPATH=/home/rtx3090/panda_ws/build/panda_vision:/home/rtx3090/panda_ws/install/panda_vision/lib/python3.10/site-packages:/home/rtx3090/panda_ws/install/pymoveit2/local/lib/python3.10/dist-packages:/home/rtx3090/panda_ws/install/panda_controller/local/lib/python3.10/dist-packages:/opt/ros/humble/lib/python3.10/site-packages:/opt/ros/humble/local/lib/python3.10/dist-packages /home/rtx3090/.local/bin/cmake --install /home/rtx3090/panda_ws/build/panda_bringup[0m
[3.743s] [34mcolcon.colcon_core.environment[0m [1;30mLevel 1[0m create_environment_scripts_only(panda_bringup)
[3.743s] [34mcolcon.colcon_core.environment[0m [1;30mLevel 1[0m checking '/home/rtx3090/panda_ws/install/panda_bringup' for CMake module files
[3.743s] [34mcolcon.colcon_core.event_handler.log_command[0m [1;30mDEBUG[0m [32mInvoked command in '/home/rtx3090/panda_ws/build/panda_bringup' returned '0': AMENT_PREFIX_PATH=/home/rtx3090/panda_ws/install/panda_vision:/home/rtx3090/panda_ws/install/panda_bringup:/home/rtx3090/panda_ws/install/pymoveit2:/home/rtx3090/panda_ws/install/panda_moveit:/home/rtx3090/panda_ws/install/panda_controller:/home/rtx3090/panda_ws/install/panda_description:/opt/ros/humble CMAKE_PREFIX_PATH=/home/rtx3090/panda_ws/install/panda_moveit:/home/rtx3090/panda_ws/install/panda_controller:/home/rtx3090/panda_ws/install/pymoveit2:/home/rtx3090/panda_ws/install/panda_description:/home/rtx3090/panda_ws/install/panda_bringup:/home/rtx3090/panda_ws/install/panda_vision:/opt/ros/humble PYTHONPATH=/home/rtx3090/panda_ws/build/panda_vision:/home/rtx3090/panda_ws/install/panda_vision/lib/python3.10/site-packages:/home/rtx3090/panda_ws/install/pymoveit2/local/lib/python3.10/dist-packages:/home/rtx3090/panda_ws/install/panda_controller/local/lib/python3.10/dist-packages:/opt/ros/humble/lib/python3.10/site-packages:/opt/ros/humble/local/lib/python3.10/dist-packages /home/rtx3090/.local/bin/cmake --install /home/rtx3090/panda_ws/build/panda_bringup[0m
[3.744s] [34mcolcon.colcon_core.environment[0m [1;30mLevel 1[0m checking '/home/rtx3090/panda_ws/install/panda_bringup' for CMake config files
[3.744s] [34mcolcon.colcon_core.shell[0m [1;30mLevel 1[0m create_environment_hook('panda_bringup', 'cmake_prefix_path')
[3.744s] [34mcolcon.colcon_core.shell[0m [1;30mINFO[0m Creating environment hook '/home/rtx3090/panda_ws/install/panda_bringup/share/panda_bringup/hook/cmake_prefix_path.ps1'
[3.744s] [34mcolcon.colcon_core.shell[0m [1;30mINFO[0m Creating environment descriptor '/home/rtx3090/panda_ws/install/panda_bringup/share/panda_bringup/hook/cmake_prefix_path.dsv'
[3.744s] [34mcolcon.colcon_core.shell[0m [1;30mINFO[0m Creating environment hook '/home/rtx3090/panda_ws/install/panda_bringup/share/panda_bringup/hook/cmake_prefix_path.sh'
[3.745s] [34mcolcon.colcon_core.environment[0m [1;30mLevel 1[0m checking '/home/rtx3090/panda_ws/install/panda_bringup/bin'
[3.745s] [34mcolcon.colcon_core.environment[0m [1;30mLevel 1[0m checking '/home/rtx3090/panda_ws/install/panda_bringup/lib/pkgconfig/panda_bringup.pc'
[3.745s] [34mcolcon.colcon_core.environment[0m [1;30mLevel 1[0m checking '/home/rtx3090/panda_ws/install/panda_bringup/lib/python3.10/site-packages'
[3.745s] [34mcolcon.colcon_core.environment[0m [1;30mLevel 1[0m checking '/home/rtx3090/panda_ws/install/panda_bringup/bin'
[3.745s] [34mcolcon.colcon_core.shell[0m [1;30mINFO[0m Creating package script '/home/rtx3090/panda_ws/install/panda_bringup/share/panda_bringup/package.ps1'
[3.746s] [34mcolcon.colcon_core.shell[0m [1;30mINFO[0m Creating package descriptor '/home/rtx3090/panda_ws/install/panda_bringup/share/panda_bringup/package.dsv'
[3.746s] [34mcolcon.colcon_core.shell[0m [1;30mINFO[0m Creating package script '/home/rtx3090/panda_ws/install/panda_bringup/share/panda_bringup/package.sh'
[3.746s] [34mcolcon.colcon_core.shell[0m [1;30mINFO[0m Creating package script '/home/rtx3090/panda_ws/install/panda_bringup/share/panda_bringup/package.bash'
[3.746s] [34mcolcon.colcon_core.shell[0m [1;30mINFO[0m Creating package script '/home/rtx3090/panda_ws/install/panda_bringup/share/panda_bringup/package.zsh'
[3.747s] [34mcolcon.colcon_core.environment[0m [1;30mLevel 1[0m create_file_with_runtime_dependencies(/home/rtx3090/panda_ws/install/panda_bringup/share/colcon-core/packages/panda_bringup)
[3.747s] [34mcolcon.colcon_core.environment[0m [1;30mLevel 1[0m create_environment_scripts_only(panda_bringup)
[3.747s] [34mcolcon.colcon_core.environment[0m [1;30mLevel 1[0m checking '/home/rtx3090/panda_ws/install/panda_bringup' for CMake module files
[3.747s] [34mcolcon.colcon_core.environment[0m [1;30mLevel 1[0m checking '/home/rtx3090/panda_ws/install/panda_bringup' for CMake config files
[3.748s] [34mcolcon.colcon_core.shell[0m [1;30mLevel 1[0m create_environment_hook('panda_bringup', 'cmake_prefix_path')
[3.748s] [34mcolcon.colcon_core.shell[0m [1;30mINFO[0m Creating environment hook '/home/rtx3090/panda_ws/install/panda_bringup/share/panda_bringup/hook/cmake_prefix_path.ps1'
[3.748s] [34mcolcon.colcon_core.shell[0m [1;30mINFO[0m Creating environment descriptor '/home/rtx3090/panda_ws/install/panda_bringup/share/panda_bringup/hook/cmake_prefix_path.dsv'
[3.748s] [34mcolcon.colcon_core.shell[0m [1;30mINFO[0m Creating environment hook '/home/rtx3090/panda_ws/install/panda_bringup/share/panda_bringup/hook/cmake_prefix_path.sh'
[3.749s] [34mcolcon.colcon_core.environment[0m [1;30mLevel 1[0m checking '/home/rtx3090/panda_ws/install/panda_bringup/bin'
[3.749s] [34mcolcon.colcon_core.environment[0m [1;30mLevel 1[0m checking '/home/rtx3090/panda_ws/install/panda_bringup/lib/pkgconfig/panda_bringup.pc'
[3.749s] [34mcolcon.colcon_core.environment[0m [1;30mLevel 1[0m checking '/home/rtx3090/panda_ws/install/panda_bringup/lib/python3.10/site-packages'
[3.749s] [34mcolcon.colcon_core.environment[0m [1;30mLevel 1[0m checking '/home/rtx3090/panda_ws/install/panda_bringup/bin'
[3.749s] [34mcolcon.colcon_core.shell[0m [1;30mINFO[0m Creating package script '/home/rtx3090/panda_ws/install/panda_bringup/share/panda_bringup/package.ps1'
[3.749s] [34mcolcon.colcon_core.shell[0m [1;30mINFO[0m Creating package descriptor '/home/rtx3090/panda_ws/install/panda_bringup/share/panda_bringup/package.dsv'
[3.750s] [34mcolcon.colcon_core.shell[0m [1;30mINFO[0m Creating package script '/home/rtx3090/panda_ws/install/panda_bringup/share/panda_bringup/package.sh'
[3.750s] [34mcolcon.colcon_core.shell[0m [1;30mINFO[0m Creating package script '/home/rtx3090/panda_ws/install/panda_bringup/share/panda_bringup/package.bash'
[3.750s] [34mcolcon.colcon_core.shell[0m [1;30mINFO[0m Creating package script '/home/rtx3090/panda_ws/install/panda_bringup/share/panda_bringup/package.zsh'
[3.751s] [34mcolcon.colcon_core.environment[0m [1;30mLevel 1[0m create_file_with_runtime_dependencies(/home/rtx3090/panda_ws/install/panda_bringup/share/colcon-core/packages/panda_bringup)
[3.751s] [34mcolcon.colcon_parallel_executor.executor.parallel[0m [1;30mDEBUG[0m [32mclosing loop[0m
[3.751s] [34mcolcon.colcon_parallel_executor.executor.parallel[0m [1;30mDEBUG[0m [32mloop closed[0m
[3.751s] [34mcolcon.colcon_parallel_executor.executor.parallel[0m [1;30mDEBUG[0m [32mrun_until_complete finished with '0'[0m
[3.751s] [34mcolcon.colcon_core.event_reactor[0m [1;30mDEBUG[0m [32mjoining thread[0m
[3.755s] [34mcolcon.colcon_core.plugin_system[0m [1;30mINFO[0m Skipping extension 'colcon_notification.desktop_notification.terminal_notifier': Not used on non-Darwin systems
[3.755s] [34mcolcon.colcon_core.plugin_system[0m [1;30mINFO[0m Skipping extension 'colcon_notification.desktop_notification.win32': Not used on non-Windows systems
[3.755s] [34mcolcon.colcon_notification.desktop_notification[0m [1;30mINFO[0m Sending desktop notification using 'notify2'
[3.763s] [34mcolcon.colcon_core.event_reactor[0m [1;30mDEBUG[0m [32mjoined thread[0m
[3.764s] [34mcolcon.colcon_core.shell[0m [1;30mINFO[0m Creating prefix script '/home/rtx3090/panda_ws/install/local_setup.ps1'
[3.764s] [34mcolcon.colcon_core.shell[0m [1;30mINFO[0m Creating prefix util module '/home/rtx3090/panda_ws/install/_local_setup_util_ps1.py'
[3.765s] [34mcolcon.colcon_core.shell[0m [1;30mINFO[0m Creating prefix chain script '/home/rtx3090/panda_ws/install/setup.ps1'
[3.766s] [34mcolcon.colcon_core.shell[0m [1;30mINFO[0m Creating prefix script '/home/rtx3090/panda_ws/install/local_setup.sh'
[3.766s] [34mcolcon.colcon_core.shell[0m [1;30mINFO[0m Creating prefix util module '/home/rtx3090/panda_ws/install/_local_setup_util_sh.py'
[3.767s] [34mcolcon.colcon_core.shell[0m [1;30mINFO[0m Creating prefix chain script '/home/rtx3090/panda_ws/install/setup.sh'
[3.768s] [34mcolcon.colcon_core.shell[0m [1;30mINFO[0m Creating prefix script '/home/rtx3090/panda_ws/install/local_setup.bash'
[3.768s] [34mcolcon.colcon_core.shell[0m [1;30mINFO[0m Creating prefix chain script '/home/rtx3090/panda_ws/install/setup.bash'
[3.769s] [34mcolcon.colcon_core.shell[0m [1;30mINFO[0m Creating prefix script '/home/rtx3090/panda_ws/install/local_setup.zsh'
[3.769s] [34mcolcon.colcon_core.shell[0m [1;30mINFO[0m Creating prefix chain script '/home/rtx3090/panda_ws/install/setup.zsh'
