running develop
running egg_info
creating panda_vision.egg-info
writing panda_vision.egg-info/PKG-INFO
writing dependency_links to panda_vision.egg-info/dependency_links.txt
writing entry points to panda_vision.egg-info/entry_points.txt
writing requirements to panda_vision.egg-info/requires.txt
writing top-level names to panda_vision.egg-info/top_level.txt
writing manifest file 'panda_vision.egg-info/SOURCES.txt'
listing git files failed - pretending there aren't any
reading manifest file 'panda_vision.egg-info/SOURCES.txt'
writing manifest file 'panda_vision.egg-info/SOURCES.txt'
running build_ext
Creating /home/rtx3090/panda_ws/install/panda_vision/lib/python3.10/site-packages/panda-vision.egg-link (link to .)
Installing color_detector script to /home/rtx3090/panda_ws/install/panda_vision/lib/panda_vision

Installed /home/rtx3090/panda_ws/build/panda_vision
running symlink_data
creating /home/rtx3090/panda_ws/install/panda_vision/share/ament_index/resource_index/packages
symbolically linking /home/rtx3090/panda_ws/build/panda_vision/resource/panda_vision -> /home/rtx3090/panda_ws/install/panda_vision/share/ament_index/resource_index/packages
symbolically linking /home/rtx3090/panda_ws/build/panda_vision/package.xml -> /home/rtx3090/panda_ws/install/panda_vision/share/panda_vision
