[0.909s] Invoking command in '/home/rtx3090/panda_ws/build/panda_vision': PYTHONPATH=/home/rtx3090/panda_ws/build/panda_vision/prefix_override:/usr/lib/python3/dist-packages/colcon_core/task/python/colcon_distutils_commands:/home/rtx3090/panda_ws/install/panda_vision/lib/python3.10/site-packages:${PYTHONPATH} /usr/bin/python3 -W ignore:setup.py install is deprecated -W ignore:easy_install command is deprecated setup.py develop --editable --build-directory /home/rtx3090/panda_ws/build/panda_vision/build --no-deps symlink_data
[1.333s] running develop
[1.705s] running egg_info
[1.732s] creating panda_vision.egg-info
[1.732s] writing panda_vision.egg-info/PKG-INFO
[1.733s] writing dependency_links to panda_vision.egg-info/dependency_links.txt
[1.733s] writing entry points to panda_vision.egg-info/entry_points.txt
[1.733s] writing requirements to panda_vision.egg-info/requires.txt
[1.733s] writing top-level names to panda_vision.egg-info/top_level.txt
[1.733s] writing manifest file 'panda_vision.egg-info/SOURCES.txt'
[1.842s] listing git files failed - pretending there aren't any
[1.843s] reading manifest file 'panda_vision.egg-info/SOURCES.txt'
[1.843s] writing manifest file 'panda_vision.egg-info/SOURCES.txt'
[1.871s] running build_ext
[1.871s] Creating /home/rtx3090/panda_ws/install/panda_vision/lib/python3.10/site-packages/panda-vision.egg-link (link to .)
[1.871s] Installing color_detector script to /home/rtx3090/panda_ws/install/panda_vision/lib/panda_vision
[1.872s] 
[1.872s] Installed /home/rtx3090/panda_ws/build/panda_vision
[1.872s] running symlink_data
[1.872s] creating /home/rtx3090/panda_ws/install/panda_vision/share/ament_index/resource_index/packages
[1.872s] symbolically linking /home/rtx3090/panda_ws/build/panda_vision/resource/panda_vision -> /home/rtx3090/panda_ws/install/panda_vision/share/ament_index/resource_index/packages
[1.872s] symbolically linking /home/rtx3090/panda_ws/build/panda_vision/package.xml -> /home/rtx3090/panda_ws/install/panda_vision/share/panda_vision
[1.904s] Invoked command in '/home/rtx3090/panda_ws/build/panda_vision' returned '0': PYTHONPATH=/home/rtx3090/panda_ws/build/panda_vision/prefix_override:/usr/lib/python3/dist-packages/colcon_core/task/python/colcon_distutils_commands:/home/rtx3090/panda_ws/install/panda_vision/lib/python3.10/site-packages:${PYTHONPATH} /usr/bin/python3 -W ignore:setup.py install is deprecated -W ignore:easy_install command is deprecated setup.py develop --editable --build-directory /home/rtx3090/panda_ws/build/panda_vision/build --no-deps symlink_data
