[0.008s] Invoking command in '/home/rtx3090/panda_ws/build/panda_bringup': AMENT_PREFIX_PATH=/home/rtx3090/panda_ws/install/panda_vision:/home/rtx3090/panda_ws/install/panda_bringup:/home/rtx3090/panda_ws/install/pymoveit2:/home/rtx3090/panda_ws/install/panda_moveit:/home/rtx3090/panda_ws/install/panda_controller:/home/rtx3090/panda_ws/install/panda_description:/opt/ros/humble CMAKE_PREFIX_PATH=/home/rtx3090/panda_ws/install/panda_moveit:/home/rtx3090/panda_ws/install/panda_controller:/home/rtx3090/panda_ws/install/pymoveit2:/home/rtx3090/panda_ws/install/panda_description:/home/rtx3090/panda_ws/install/panda_bringup:/home/rtx3090/panda_ws/install/panda_vision:/opt/ros/humble PYTHONPATH=/home/rtx3090/panda_ws/build/panda_vision:/home/rtx3090/panda_ws/install/panda_vision/lib/python3.10/site-packages:/home/rtx3090/panda_ws/install/pymoveit2/local/lib/python3.10/dist-packages:/home/rtx3090/panda_ws/install/panda_controller/local/lib/python3.10/dist-packages:/opt/ros/humble/lib/python3.10/site-packages:/opt/ros/humble/local/lib/python3.10/dist-packages /home/rtx3090/.local/bin/cmake /home/rtx3090/panda_ws/src/panda_bringup -DAMENT_CMAKE_SYMLINK_INSTALL=1 -DCMAKE_INSTALL_PREFIX=/home/rtx3090/panda_ws/install/panda_bringup
[0.064s] -- The C compiler identification is GNU 12.3.0
[0.106s] -- The CXX compiler identification is GNU 12.3.0
[0.114s] -- Detecting C compiler ABI info
[0.143s] -- Detecting C compiler ABI info - done
[0.151s] -- Check for working C compiler: /usr/lib/ccache/cc - skipped
[0.151s] -- Detecting C compile features
[0.151s] -- Detecting C compile features - done
[0.153s] -- Detecting CXX compiler ABI info
[0.191s] -- Detecting CXX compiler ABI info - done
[0.199s] -- Check for working CXX compiler: /usr/lib/ccache/c++ - skipped
[0.199s] -- Detecting CXX compile features
[0.200s] -- Detecting CXX compile features - done
[0.202s] -- Found ament_cmake: 1.3.13 (/opt/ros/humble/share/ament_cmake/cmake)
[0.463s] -- Found Python3: /usr/bin/python3 (found version "3.10.12") found components: Interpreter 
[0.509s] -- Override CMake install command with custom implementation using symlinks instead of copying resources
[0.578s] -- Configuring done (0.5s)
[0.580s] -- Generating done (0.0s)
[0.581s] -- Build files have been written to: /home/rtx3090/panda_ws/build/panda_bringup
[0.588s] Invoked command in '/home/rtx3090/panda_ws/build/panda_bringup' returned '0': AMENT_PREFIX_PATH=/home/rtx3090/panda_ws/install/panda_vision:/home/rtx3090/panda_ws/install/panda_bringup:/home/rtx3090/panda_ws/install/pymoveit2:/home/rtx3090/panda_ws/install/panda_moveit:/home/rtx3090/panda_ws/install/panda_controller:/home/rtx3090/panda_ws/install/panda_description:/opt/ros/humble CMAKE_PREFIX_PATH=/home/rtx3090/panda_ws/install/panda_moveit:/home/rtx3090/panda_ws/install/panda_controller:/home/rtx3090/panda_ws/install/pymoveit2:/home/rtx3090/panda_ws/install/panda_description:/home/rtx3090/panda_ws/install/panda_bringup:/home/rtx3090/panda_ws/install/panda_vision:/opt/ros/humble PYTHONPATH=/home/rtx3090/panda_ws/build/panda_vision:/home/rtx3090/panda_ws/install/panda_vision/lib/python3.10/site-packages:/home/rtx3090/panda_ws/install/pymoveit2/local/lib/python3.10/dist-packages:/home/rtx3090/panda_ws/install/panda_controller/local/lib/python3.10/dist-packages:/opt/ros/humble/lib/python3.10/site-packages:/opt/ros/humble/local/lib/python3.10/dist-packages /home/rtx3090/.local/bin/cmake /home/rtx3090/panda_ws/src/panda_bringup -DAMENT_CMAKE_SYMLINK_INSTALL=1 -DCMAKE_INSTALL_PREFIX=/home/rtx3090/panda_ws/install/panda_bringup
[0.589s] Invoking command in '/home/rtx3090/panda_ws/build/panda_bringup': AMENT_PREFIX_PATH=/home/rtx3090/panda_ws/install/panda_vision:/home/rtx3090/panda_ws/install/panda_bringup:/home/rtx3090/panda_ws/install/pymoveit2:/home/rtx3090/panda_ws/install/panda_moveit:/home/rtx3090/panda_ws/install/panda_controller:/home/rtx3090/panda_ws/install/panda_description:/opt/ros/humble CMAKE_PREFIX_PATH=/home/rtx3090/panda_ws/install/panda_moveit:/home/rtx3090/panda_ws/install/panda_controller:/home/rtx3090/panda_ws/install/pymoveit2:/home/rtx3090/panda_ws/install/panda_description:/home/rtx3090/panda_ws/install/panda_bringup:/home/rtx3090/panda_ws/install/panda_vision:/opt/ros/humble PYTHONPATH=/home/rtx3090/panda_ws/build/panda_vision:/home/rtx3090/panda_ws/install/panda_vision/lib/python3.10/site-packages:/home/rtx3090/panda_ws/install/pymoveit2/local/lib/python3.10/dist-packages:/home/rtx3090/panda_ws/install/panda_controller/local/lib/python3.10/dist-packages:/opt/ros/humble/lib/python3.10/site-packages:/opt/ros/humble/local/lib/python3.10/dist-packages /home/rtx3090/.local/bin/cmake --build /home/rtx3090/panda_ws/build/panda_bringup -- -j20 -l20
[0.619s] Invoked command in '/home/rtx3090/panda_ws/build/panda_bringup' returned '0': AMENT_PREFIX_PATH=/home/rtx3090/panda_ws/install/panda_vision:/home/rtx3090/panda_ws/install/panda_bringup:/home/rtx3090/panda_ws/install/pymoveit2:/home/rtx3090/panda_ws/install/panda_moveit:/home/rtx3090/panda_ws/install/panda_controller:/home/rtx3090/panda_ws/install/panda_description:/opt/ros/humble CMAKE_PREFIX_PATH=/home/rtx3090/panda_ws/install/panda_moveit:/home/rtx3090/panda_ws/install/panda_controller:/home/rtx3090/panda_ws/install/pymoveit2:/home/rtx3090/panda_ws/install/panda_description:/home/rtx3090/panda_ws/install/panda_bringup:/home/rtx3090/panda_ws/install/panda_vision:/opt/ros/humble PYTHONPATH=/home/rtx3090/panda_ws/build/panda_vision:/home/rtx3090/panda_ws/install/panda_vision/lib/python3.10/site-packages:/home/rtx3090/panda_ws/install/pymoveit2/local/lib/python3.10/dist-packages:/home/rtx3090/panda_ws/install/panda_controller/local/lib/python3.10/dist-packages:/opt/ros/humble/lib/python3.10/site-packages:/opt/ros/humble/local/lib/python3.10/dist-packages /home/rtx3090/.local/bin/cmake --build /home/rtx3090/panda_ws/build/panda_bringup -- -j20 -l20
[0.620s] Invoking command in '/home/rtx3090/panda_ws/build/panda_bringup': AMENT_PREFIX_PATH=/home/rtx3090/panda_ws/install/panda_vision:/home/rtx3090/panda_ws/install/panda_bringup:/home/rtx3090/panda_ws/install/pymoveit2:/home/rtx3090/panda_ws/install/panda_moveit:/home/rtx3090/panda_ws/install/panda_controller:/home/rtx3090/panda_ws/install/panda_description:/opt/ros/humble CMAKE_PREFIX_PATH=/home/rtx3090/panda_ws/install/panda_moveit:/home/rtx3090/panda_ws/install/panda_controller:/home/rtx3090/panda_ws/install/pymoveit2:/home/rtx3090/panda_ws/install/panda_description:/home/rtx3090/panda_ws/install/panda_bringup:/home/rtx3090/panda_ws/install/panda_vision:/opt/ros/humble PYTHONPATH=/home/rtx3090/panda_ws/build/panda_vision:/home/rtx3090/panda_ws/install/panda_vision/lib/python3.10/site-packages:/home/rtx3090/panda_ws/install/pymoveit2/local/lib/python3.10/dist-packages:/home/rtx3090/panda_ws/install/panda_controller/local/lib/python3.10/dist-packages:/opt/ros/humble/lib/python3.10/site-packages:/opt/ros/humble/local/lib/python3.10/dist-packages /home/rtx3090/.local/bin/cmake --install /home/rtx3090/panda_ws/build/panda_bringup
[0.641s] -- Install configuration: ""
[0.641s] -- Execute custom install script
[0.642s] -- Symlinking: /home/rtx3090/panda_ws/install/panda_bringup/share/panda_bringup/launch/pick_and_place.launch.py
[0.644s] -- Symlinking: /home/rtx3090/panda_ws/install/panda_bringup/share/ament_index/resource_index/package_run_dependencies/panda_bringup
[0.645s] -- Symlinking: /home/rtx3090/panda_ws/install/panda_bringup/share/ament_index/resource_index/parent_prefix_path/panda_bringup
[0.647s] -- Symlinking: /home/rtx3090/panda_ws/install/panda_bringup/share/panda_bringup/environment/ament_prefix_path.sh
[0.649s] -- Symlinking: /home/rtx3090/panda_ws/install/panda_bringup/share/panda_bringup/environment/ament_prefix_path.dsv
[0.650s] -- Symlinking: /home/rtx3090/panda_ws/install/panda_bringup/share/panda_bringup/environment/path.sh
[0.652s] -- Symlinking: /home/rtx3090/panda_ws/install/panda_bringup/share/panda_bringup/environment/path.dsv
[0.653s] -- Symlinking: /home/rtx3090/panda_ws/install/panda_bringup/share/panda_bringup/local_setup.bash
[0.655s] -- Symlinking: /home/rtx3090/panda_ws/install/panda_bringup/share/panda_bringup/local_setup.sh
[0.657s] -- Symlinking: /home/rtx3090/panda_ws/install/panda_bringup/share/panda_bringup/local_setup.zsh
[0.658s] -- Symlinking: /home/rtx3090/panda_ws/install/panda_bringup/share/panda_bringup/local_setup.dsv
[0.660s] -- Symlinking: /home/rtx3090/panda_ws/install/panda_bringup/share/panda_bringup/package.dsv
[0.661s] -- Symlinking: /home/rtx3090/panda_ws/install/panda_bringup/share/ament_index/resource_index/packages/panda_bringup
[0.663s] -- Symlinking: /home/rtx3090/panda_ws/install/panda_bringup/share/panda_bringup/cmake/panda_bringupConfig.cmake
[0.665s] -- Symlinking: /home/rtx3090/panda_ws/install/panda_bringup/share/panda_bringup/cmake/panda_bringupConfig-version.cmake
[0.666s] -- Symlinking: /home/rtx3090/panda_ws/install/panda_bringup/share/panda_bringup/package.xml
[0.672s] Invoked command in '/home/rtx3090/panda_ws/build/panda_bringup' returned '0': AMENT_PREFIX_PATH=/home/rtx3090/panda_ws/install/panda_vision:/home/rtx3090/panda_ws/install/panda_bringup:/home/rtx3090/panda_ws/install/pymoveit2:/home/rtx3090/panda_ws/install/panda_moveit:/home/rtx3090/panda_ws/install/panda_controller:/home/rtx3090/panda_ws/install/panda_description:/opt/ros/humble CMAKE_PREFIX_PATH=/home/rtx3090/panda_ws/install/panda_moveit:/home/rtx3090/panda_ws/install/panda_controller:/home/rtx3090/panda_ws/install/pymoveit2:/home/rtx3090/panda_ws/install/panda_description:/home/rtx3090/panda_ws/install/panda_bringup:/home/rtx3090/panda_ws/install/panda_vision:/opt/ros/humble PYTHONPATH=/home/rtx3090/panda_ws/build/panda_vision:/home/rtx3090/panda_ws/install/panda_vision/lib/python3.10/site-packages:/home/rtx3090/panda_ws/install/pymoveit2/local/lib/python3.10/dist-packages:/home/rtx3090/panda_ws/install/panda_controller/local/lib/python3.10/dist-packages:/opt/ros/humble/lib/python3.10/site-packages:/opt/ros/humble/local/lib/python3.10/dist-packages /home/rtx3090/.local/bin/cmake --install /home/rtx3090/panda_ws/build/panda_bringup
