[0.007s] Invoking command in '/home/rtx3090/panda_ws/build/panda_controller': CMAKE_PREFIX_PATH=/home/rtx3090/panda_ws/install/panda_description:/home/rtx3090/panda_ws/install/panda_bringup:/home/rtx3090/panda_ws/install/pymoveit2:/home/rtx3090/panda_ws/install/panda_moveit:/home/rtx3090/panda_ws/install/panda_controller:/home/rtx3090/panda_ws/install/panda_vision:/opt/ros/humble /home/rtx3090/.local/bin/cmake /home/rtx3090/panda_ws/src/panda_controller -DAMENT_CMAKE_SYMLINK_INSTALL=1 -DCMAKE_INSTALL_PREFIX=/home/rtx3090/panda_ws/install/panda_controller
[0.070s] -- The C compiler identification is GNU 12.3.0
[0.117s] -- The CXX compiler identification is GNU 12.3.0
[0.128s] -- Detecting C compiler ABI info
[0.161s] -- Detecting C compiler ABI info - done
[0.169s] -- Check for working C compiler: /usr/lib/ccache/cc - skipped
[0.169s] -- Detecting C compile features
[0.170s] -- Detecting C compile features - done
[0.173s] -- Detecting CXX compiler ABI info
[0.214s] -- Detecting CXX compiler ABI info - done
[0.230s] -- Check for working CXX compiler: /usr/lib/ccache/c++ - skipped
[0.230s] -- Detecting CXX compile features
[0.231s] -- Detecting CXX compile features - done
[0.233s] -- Found ament_cmake: 1.3.13 (/opt/ros/humble/share/ament_cmake/cmake)
[0.537s] -- Found Python3: /usr/bin/python3 (found version "3.10.12") found components: Interpreter 
[0.592s] -- Override CMake install command with custom implementation using symlinks instead of copying resources
[0.616s] -- Found rclpy: 3.3.20 (/opt/ros/humble/share/rclpy/cmake)
[0.617s] -- Found sensor_msgs: 4.9.1 (/opt/ros/humble/share/sensor_msgs/cmake)
[0.650s] -- Found rosidl_generator_c: 3.1.8 (/opt/ros/humble/share/rosidl_generator_c/cmake)
[0.655s] -- Found rosidl_adapter: 3.1.8 (/opt/ros/humble/share/rosidl_adapter/cmake)
[0.663s] -- Found rosidl_generator_cpp: 3.1.8 (/opt/ros/humble/share/rosidl_generator_cpp/cmake)
[0.675s] -- Using all available rosidl_typesupport_c: rosidl_typesupport_fastrtps_c;rosidl_typesupport_introspection_c
[0.692s] -- Using all available rosidl_typesupport_cpp: rosidl_typesupport_fastrtps_cpp;rosidl_typesupport_introspection_cpp
[0.760s] -- Found trajectory_msgs: 4.9.1 (/opt/ros/humble/share/trajectory_msgs/cmake)
[0.779s] -- Found control_msgs: 4.8.0 (/opt/ros/humble/share/control_msgs/cmake)
[0.842s] -- Found controller_manager: 2.53.1 (/opt/ros/humble/share/controller_manager/cmake)
[0.926s] -- Found rmw_implementation_cmake: 6.1.2 (/opt/ros/humble/share/rmw_implementation_cmake/cmake)
[0.928s] -- Found rmw_fastrtps_cpp: 6.2.10 (/opt/ros/humble/share/rmw_fastrtps_cpp/cmake)
[0.956s] -- Found TinyXML2 via Config file: TinyXML2_DIR-NOTFOUND
[0.988s] -- Found OpenSSL: /usr/lib/x86_64-linux-gnu/libcrypto.so (found version "3.0.2")  
[0.990s] -- Found TinyXML2 via Config file: TinyXML2_DIR-NOTFOUND
[1.005s] -- Found FastRTPS: /opt/ros/humble/include  
[1.008s] -- Found TinyXML2 via Config file: TinyXML2_DIR-NOTFOUND
[1.016s] -- Found TinyXML2 via Config file: TinyXML2_DIR-NOTFOUND
[1.029s] -- Using RMW implementation 'rmw_fastrtps_cpp' as default
[1.036s] -- Performing Test CMAKE_HAVE_LIBC_PTHREAD
[1.090s] -- Performing Test CMAKE_HAVE_LIBC_PTHREAD - Success
[1.091s] -- Found Threads: TRUE  
[1.186s] -- Found joint_trajectory_controller: 2.52.0 (/opt/ros/humble/share/joint_trajectory_controller/cmake)
[1.250s] -- Found joint_state_broadcaster: 2.52.0 (/opt/ros/humble/share/joint_state_broadcaster/cmake)
[1.329s] -- Found ament_lint_auto: 0.12.15 (/opt/ros/humble/share/ament_lint_auto/cmake)
[1.393s] -- Added test 'flake8' to check Python code syntax and style conventions
[1.393s] -- Added test 'lint_cmake' to check CMake code style
[1.393s] -- Added test 'pep257' to check Python code against some of the docstring style conventions in PEP 257
[1.394s] -- Added test 'xmllint' to check XML markup files
[1.395s] -- Configuring done (1.4s)
[1.400s] -- Generating done (0.0s)
[1.402s] -- Build files have been written to: /home/rtx3090/panda_ws/build/panda_controller
[1.415s] Invoked command in '/home/rtx3090/panda_ws/build/panda_controller' returned '0': CMAKE_PREFIX_PATH=/home/rtx3090/panda_ws/install/panda_description:/home/rtx3090/panda_ws/install/panda_bringup:/home/rtx3090/panda_ws/install/pymoveit2:/home/rtx3090/panda_ws/install/panda_moveit:/home/rtx3090/panda_ws/install/panda_controller:/home/rtx3090/panda_ws/install/panda_vision:/opt/ros/humble /home/rtx3090/.local/bin/cmake /home/rtx3090/panda_ws/src/panda_controller -DAMENT_CMAKE_SYMLINK_INSTALL=1 -DCMAKE_INSTALL_PREFIX=/home/rtx3090/panda_ws/install/panda_controller
[1.416s] Invoking command in '/home/rtx3090/panda_ws/build/panda_controller': CMAKE_PREFIX_PATH=/home/rtx3090/panda_ws/install/panda_description:/home/rtx3090/panda_ws/install/panda_bringup:/home/rtx3090/panda_ws/install/pymoveit2:/home/rtx3090/panda_ws/install/panda_moveit:/home/rtx3090/panda_ws/install/panda_controller:/home/rtx3090/panda_ws/install/panda_vision:/opt/ros/humble /home/rtx3090/.local/bin/cmake --build /home/rtx3090/panda_ws/build/panda_controller -- -j20 -l20
[1.453s] Built target ament_cmake_python_symlink_panda_controller
[1.676s] running egg_info
[1.701s] creating panda_controller.egg-info
[1.702s] writing panda_controller.egg-info/PKG-INFO
[1.702s] writing dependency_links to panda_controller.egg-info/dependency_links.txt
[1.702s] writing top-level names to panda_controller.egg-info/top_level.txt
[1.702s] writing manifest file 'panda_controller.egg-info/SOURCES.txt'
[1.833s] listing git files failed - pretending there aren't any
[1.833s] reading manifest file 'panda_controller.egg-info/SOURCES.txt'
[1.834s] writing manifest file 'panda_controller.egg-info/SOURCES.txt'
[1.857s] Built target ament_cmake_python_build_panda_controller_egg
[1.863s] Invoked command in '/home/rtx3090/panda_ws/build/panda_controller' returned '0': CMAKE_PREFIX_PATH=/home/rtx3090/panda_ws/install/panda_description:/home/rtx3090/panda_ws/install/panda_bringup:/home/rtx3090/panda_ws/install/pymoveit2:/home/rtx3090/panda_ws/install/panda_moveit:/home/rtx3090/panda_ws/install/panda_controller:/home/rtx3090/panda_ws/install/panda_vision:/opt/ros/humble /home/rtx3090/.local/bin/cmake --build /home/rtx3090/panda_ws/build/panda_controller -- -j20 -l20
[1.863s] Invoking command in '/home/rtx3090/panda_ws/build/panda_controller': CMAKE_PREFIX_PATH=/home/rtx3090/panda_ws/install/panda_description:/home/rtx3090/panda_ws/install/panda_bringup:/home/rtx3090/panda_ws/install/pymoveit2:/home/rtx3090/panda_ws/install/panda_moveit:/home/rtx3090/panda_ws/install/panda_controller:/home/rtx3090/panda_ws/install/panda_vision:/opt/ros/humble /home/rtx3090/.local/bin/cmake --install /home/rtx3090/panda_ws/build/panda_controller
[1.886s] -- Install configuration: ""
[1.886s] -- Execute custom install script
[1.887s] -- Symlinking: /home/rtx3090/panda_ws/install/panda_controller/share/panda_controller//launch/controller.launch.py
[1.889s] -- Symlinking: /home/rtx3090/panda_ws/install/panda_controller/share/panda_controller//launch/slider_controller.launch.py
[1.891s] -- Symlinking: /home/rtx3090/panda_ws/install/panda_controller/share/panda_controller//config/panda_controllers.yaml
[1.892s] -- Symlinking: /home/rtx3090/panda_ws/install/panda_controller/share/panda_controller/environment/pythonpath.sh
[1.894s] -- Symlinking: /home/rtx3090/panda_ws/install/panda_controller/share/panda_controller/environment/pythonpath.dsv
[1.896s] -- Symlinking: /home/rtx3090/panda_ws/install/panda_controller/local/lib/python3.10/dist-packages/panda_controller-0.0.0-py3.10.egg-info/PKG-INFO
[1.898s] -- Symlinking: /home/rtx3090/panda_ws/install/panda_controller/local/lib/python3.10/dist-packages/panda_controller-0.0.0-py3.10.egg-info/SOURCES.txt
[1.899s] -- Symlinking: /home/rtx3090/panda_ws/install/panda_controller/local/lib/python3.10/dist-packages/panda_controller-0.0.0-py3.10.egg-info/dependency_links.txt
[1.901s] -- Symlinking: /home/rtx3090/panda_ws/install/panda_controller/local/lib/python3.10/dist-packages/panda_controller-0.0.0-py3.10.egg-info/top_level.txt
[1.903s] -- Symlinking: /home/rtx3090/panda_ws/install/panda_controller/local/lib/python3.10/dist-packages/panda_controller/__init__.py
[1.904s] -- Symlinking: /home/rtx3090/panda_ws/install/panda_controller/local/lib/python3.10/dist-packages/panda_controller/slider_controller.py
[1.906s] -- Symlinking: /home/rtx3090/panda_ws/install/panda_controller/lib/panda_controller/slider_controller.py
[1.908s] -- Symlinking: /home/rtx3090/panda_ws/install/panda_controller/share/ament_index/resource_index/package_run_dependencies/panda_controller
[1.909s] -- Symlinking: /home/rtx3090/panda_ws/install/panda_controller/share/ament_index/resource_index/parent_prefix_path/panda_controller
[1.911s] -- Symlinking: /home/rtx3090/panda_ws/install/panda_controller/share/panda_controller/environment/ament_prefix_path.sh
[1.913s] -- Symlinking: /home/rtx3090/panda_ws/install/panda_controller/share/panda_controller/environment/ament_prefix_path.dsv
[1.915s] -- Symlinking: /home/rtx3090/panda_ws/install/panda_controller/share/panda_controller/environment/path.sh
[1.916s] -- Symlinking: /home/rtx3090/panda_ws/install/panda_controller/share/panda_controller/environment/path.dsv
[1.918s] -- Symlinking: /home/rtx3090/panda_ws/install/panda_controller/share/panda_controller/local_setup.bash
[1.919s] -- Symlinking: /home/rtx3090/panda_ws/install/panda_controller/share/panda_controller/local_setup.sh
[1.921s] -- Symlinking: /home/rtx3090/panda_ws/install/panda_controller/share/panda_controller/local_setup.zsh
[1.923s] -- Symlinking: /home/rtx3090/panda_ws/install/panda_controller/share/panda_controller/local_setup.dsv
[1.925s] -- Symlinking: /home/rtx3090/panda_ws/install/panda_controller/share/panda_controller/package.dsv
[1.926s] -- Symlinking: /home/rtx3090/panda_ws/install/panda_controller/share/ament_index/resource_index/packages/panda_controller
[1.928s] -- Symlinking: /home/rtx3090/panda_ws/install/panda_controller/share/panda_controller/cmake/panda_controllerConfig.cmake
[1.930s] -- Symlinking: /home/rtx3090/panda_ws/install/panda_controller/share/panda_controller/cmake/panda_controllerConfig-version.cmake
[1.931s] -- Symlinking: /home/rtx3090/panda_ws/install/panda_controller/share/panda_controller/package.xml
[1.958s] Listing '/home/rtx3090/panda_ws/install/panda_controller/local/lib/python3.10/dist-packages/panda_controller'...
[1.958s] Compiling '/home/rtx3090/panda_ws/install/panda_controller/local/lib/python3.10/dist-packages/panda_controller/__init__.py'...
[1.958s] Compiling '/home/rtx3090/panda_ws/install/panda_controller/local/lib/python3.10/dist-packages/panda_controller/slider_controller.py'...
[1.966s] Invoked command in '/home/rtx3090/panda_ws/build/panda_controller' returned '0': CMAKE_PREFIX_PATH=/home/rtx3090/panda_ws/install/panda_description:/home/rtx3090/panda_ws/install/panda_bringup:/home/rtx3090/panda_ws/install/pymoveit2:/home/rtx3090/panda_ws/install/panda_moveit:/home/rtx3090/panda_ws/install/panda_controller:/home/rtx3090/panda_ws/install/panda_vision:/opt/ros/humble /home/rtx3090/.local/bin/cmake --install /home/rtx3090/panda_ws/build/panda_controller
