[0.217s] Invoking command in '/home/rtx3090/panda_ws/build/pymoveit2': CMAKE_PREFIX_PATH=${CMAKE_PREFIX_PATH}:/home/rtx3090/panda_ws/install/panda_vision:/opt/ros/humble /home/rtx3090/.local/bin/cmake /home/rtx3090/panda_ws/src/pymoveit2 -DAMENT_CMAKE_SYMLINK_INSTALL=1 -DCMAKE_INSTALL_PREFIX=/home/rtx3090/panda_ws/install/pymoveit2
[0.275s] -- The C compiler identification is GNU 12.3.0
[0.322s] -- The CXX compiler identification is GNU 12.3.0
[0.331s] -- Detecting C compiler ABI info
[0.363s] -- Detecting C compiler ABI info - done
[0.372s] -- Check for working C compiler: /usr/lib/ccache/cc - skipped
[0.372s] -- Detecting C compile features
[0.372s] -- Detecting C compile features - done
[0.375s] -- Detecting CXX compiler ABI info
[0.414s] -- Detecting CXX compiler ABI info - done
[0.423s] -- Check for working CXX compiler: /usr/lib/ccache/c++ - skipped
[0.423s] -- Detecting CXX compile features
[0.424s] -- Detecting CXX compile features - done
[0.425s] -- Found ament_cmake: 1.3.13 (/opt/ros/humble/share/ament_cmake/cmake)
[0.726s] -- Found Python3: /usr/bin/python3 (found version "3.10.12") found components: Interpreter 
[0.777s] -- Override CMake install command with custom implementation using symlinks instead of copying resources
[0.922s] -- Configuring done (0.7s)
[0.925s] -- Generating done (0.0s)
[0.927s] -- Build files have been written to: /home/rtx3090/panda_ws/build/pymoveit2
[0.936s] Invoked command in '/home/rtx3090/panda_ws/build/pymoveit2' returned '0': CMAKE_PREFIX_PATH=${CMAKE_PREFIX_PATH}:/home/rtx3090/panda_ws/install/panda_vision:/opt/ros/humble /home/rtx3090/.local/bin/cmake /home/rtx3090/panda_ws/src/pymoveit2 -DAMENT_CMAKE_SYMLINK_INSTALL=1 -DCMAKE_INSTALL_PREFIX=/home/rtx3090/panda_ws/install/pymoveit2
[0.938s] Invoking command in '/home/rtx3090/panda_ws/build/pymoveit2': CMAKE_PREFIX_PATH=${CMAKE_PREFIX_PATH}:/home/rtx3090/panda_ws/install/panda_vision:/opt/ros/humble /home/rtx3090/.local/bin/cmake --build /home/rtx3090/panda_ws/build/pymoveit2 -- -j20 -l20
[0.974s] Built target ament_cmake_python_symlink_pymoveit2
[1.230s] running egg_info
[1.258s] creating pymoveit2.egg-info
[1.258s] writing pymoveit2.egg-info/PKG-INFO
[1.258s] writing dependency_links to pymoveit2.egg-info/dependency_links.txt
[1.258s] writing top-level names to pymoveit2.egg-info/top_level.txt
[1.258s] writing manifest file 'pymoveit2.egg-info/SOURCES.txt'
[1.392s] listing git files failed - pretending there aren't any
[1.392s] reading manifest file 'pymoveit2.egg-info/SOURCES.txt'
[1.393s] writing manifest file 'pymoveit2.egg-info/SOURCES.txt'
[1.417s] Built target ament_cmake_python_build_pymoveit2_egg
[1.423s] Invoked command in '/home/rtx3090/panda_ws/build/pymoveit2' returned '0': CMAKE_PREFIX_PATH=${CMAKE_PREFIX_PATH}:/home/rtx3090/panda_ws/install/panda_vision:/opt/ros/humble /home/rtx3090/.local/bin/cmake --build /home/rtx3090/panda_ws/build/pymoveit2 -- -j20 -l20
[1.425s] Invoking command in '/home/rtx3090/panda_ws/build/pymoveit2': CMAKE_PREFIX_PATH=${CMAKE_PREFIX_PATH}:/home/rtx3090/panda_ws/install/panda_vision:/opt/ros/humble /home/rtx3090/.local/bin/cmake --install /home/rtx3090/panda_ws/build/pymoveit2
[1.447s] -- Install configuration: ""
[1.447s] -- Execute custom install script
[1.447s] -- Symlinking: /home/rtx3090/panda_ws/install/pymoveit2/share/pymoveit2/environment/pythonpath.sh
[1.450s] -- Symlinking: /home/rtx3090/panda_ws/install/pymoveit2/share/pymoveit2/environment/pythonpath.dsv
[1.452s] -- Symlinking: /home/rtx3090/panda_ws/install/pymoveit2/local/lib/python3.10/dist-packages/pymoveit2-4.0.0-py3.10.egg-info/PKG-INFO
[1.454s] -- Symlinking: /home/rtx3090/panda_ws/install/pymoveit2/local/lib/python3.10/dist-packages/pymoveit2-4.0.0-py3.10.egg-info/SOURCES.txt
[1.456s] -- Symlinking: /home/rtx3090/panda_ws/install/pymoveit2/local/lib/python3.10/dist-packages/pymoveit2-4.0.0-py3.10.egg-info/dependency_links.txt
[1.458s] -- Symlinking: /home/rtx3090/panda_ws/install/pymoveit2/local/lib/python3.10/dist-packages/pymoveit2-4.0.0-py3.10.egg-info/top_level.txt
[1.460s] -- Symlinking: /home/rtx3090/panda_ws/install/pymoveit2/local/lib/python3.10/dist-packages/pymoveit2/__init__.py
[1.462s] -- Symlinking: /home/rtx3090/panda_ws/install/pymoveit2/local/lib/python3.10/dist-packages/pymoveit2/gripper_command.py
[1.464s] -- Symlinking: /home/rtx3090/panda_ws/install/pymoveit2/local/lib/python3.10/dist-packages/pymoveit2/gripper_interface.py
[1.467s] -- Symlinking: /home/rtx3090/panda_ws/install/pymoveit2/local/lib/python3.10/dist-packages/pymoveit2/moveit2.py
[1.469s] -- Symlinking: /home/rtx3090/panda_ws/install/pymoveit2/local/lib/python3.10/dist-packages/pymoveit2/moveit2_gripper.py
[1.470s] -- Symlinking: /home/rtx3090/panda_ws/install/pymoveit2/local/lib/python3.10/dist-packages/pymoveit2/moveit2_servo.py
[1.472s] -- Symlinking: /home/rtx3090/panda_ws/install/pymoveit2/local/lib/python3.10/dist-packages/pymoveit2/robots/__init__.py
[1.474s] -- Symlinking: /home/rtx3090/panda_ws/install/pymoveit2/local/lib/python3.10/dist-packages/pymoveit2/robots/crane_x7.py
[1.476s] -- Symlinking: /home/rtx3090/panda_ws/install/pymoveit2/local/lib/python3.10/dist-packages/pymoveit2/robots/kinova.py
[1.478s] -- Symlinking: /home/rtx3090/panda_ws/install/pymoveit2/local/lib/python3.10/dist-packages/pymoveit2/robots/lbr.py
[1.479s] -- Symlinking: /home/rtx3090/panda_ws/install/pymoveit2/local/lib/python3.10/dist-packages/pymoveit2/robots/panda.py
[1.481s] -- Symlinking: /home/rtx3090/panda_ws/install/pymoveit2/local/lib/python3.10/dist-packages/pymoveit2/robots/phantomx_pincher.py
[1.484s] -- Symlinking: /home/rtx3090/panda_ws/install/pymoveit2/local/lib/python3.10/dist-packages/pymoveit2/robots/ur.py
[1.485s] -- Symlinking: /home/rtx3090/panda_ws/install/pymoveit2/local/lib/python3.10/dist-packages/pymoveit2/utils.py
[1.487s] -- Symlinking: /home/rtx3090/panda_ws/install/pymoveit2/lib/pymoveit2/ex_allow_collisions.py
[1.490s] -- Symlinking: /home/rtx3090/panda_ws/install/pymoveit2/lib/pymoveit2/ex_clear_planning_scene.py
[1.493s] -- Symlinking: /home/rtx3090/panda_ws/install/pymoveit2/lib/pymoveit2/ex_collision_mesh.py
[1.495s] -- Symlinking: /home/rtx3090/panda_ws/install/pymoveit2/lib/pymoveit2/ex_collision_primitive.py
[1.497s] -- Symlinking: /home/rtx3090/panda_ws/install/pymoveit2/lib/pymoveit2/ex_fk.py
[1.500s] -- Symlinking: /home/rtx3090/panda_ws/install/pymoveit2/lib/pymoveit2/ex_gripper.py
[1.502s] -- Symlinking: /home/rtx3090/panda_ws/install/pymoveit2/lib/pymoveit2/ex_ik.py
[1.504s] -- Symlinking: /home/rtx3090/panda_ws/install/pymoveit2/lib/pymoveit2/ex_joint_goal.py
[1.506s] -- Symlinking: /home/rtx3090/panda_ws/install/pymoveit2/lib/pymoveit2/ex_orientation_path_constraint.py
[1.508s] -- Symlinking: /home/rtx3090/panda_ws/install/pymoveit2/lib/pymoveit2/ex_pose_goal.py
[1.510s] -- Symlinking: /home/rtx3090/panda_ws/install/pymoveit2/lib/pymoveit2/ex_servo.py
[1.512s] -- Symlinking: /home/rtx3090/panda_ws/install/pymoveit2/lib/pymoveit2/pick_and_place.py
[1.514s] -- Symlinking: /home/rtx3090/panda_ws/install/pymoveit2/share/ament_index/resource_index/package_run_dependencies/pymoveit2
[1.516s] -- Symlinking: /home/rtx3090/panda_ws/install/pymoveit2/share/ament_index/resource_index/parent_prefix_path/pymoveit2
[1.518s] -- Symlinking: /home/rtx3090/panda_ws/install/pymoveit2/share/pymoveit2/environment/ament_prefix_path.sh
[1.519s] -- Symlinking: /home/rtx3090/panda_ws/install/pymoveit2/share/pymoveit2/environment/ament_prefix_path.dsv
[1.521s] -- Symlinking: /home/rtx3090/panda_ws/install/pymoveit2/share/pymoveit2/environment/path.sh
[1.523s] -- Symlinking: /home/rtx3090/panda_ws/install/pymoveit2/share/pymoveit2/environment/path.dsv
[1.525s] -- Symlinking: /home/rtx3090/panda_ws/install/pymoveit2/share/pymoveit2/local_setup.bash
[1.527s] -- Symlinking: /home/rtx3090/panda_ws/install/pymoveit2/share/pymoveit2/local_setup.sh
[1.529s] -- Symlinking: /home/rtx3090/panda_ws/install/pymoveit2/share/pymoveit2/local_setup.zsh
[1.531s] -- Symlinking: /home/rtx3090/panda_ws/install/pymoveit2/share/pymoveit2/local_setup.dsv
[1.533s] -- Symlinking: /home/rtx3090/panda_ws/install/pymoveit2/share/pymoveit2/package.dsv
[1.535s] -- Symlinking: /home/rtx3090/panda_ws/install/pymoveit2/share/ament_index/resource_index/packages/pymoveit2
[1.537s] -- Symlinking: /home/rtx3090/panda_ws/install/pymoveit2/share/pymoveit2/cmake/pymoveit2Config.cmake
[1.539s] -- Symlinking: /home/rtx3090/panda_ws/install/pymoveit2/share/pymoveit2/cmake/pymoveit2Config-version.cmake
[1.541s] -- Symlinking: /home/rtx3090/panda_ws/install/pymoveit2/share/pymoveit2/package.xml
[1.592s] Listing '/home/rtx3090/panda_ws/install/pymoveit2/local/lib/python3.10/dist-packages/pymoveit2'...
[1.592s] Compiling '/home/rtx3090/panda_ws/install/pymoveit2/local/lib/python3.10/dist-packages/pymoveit2/__init__.py'...
[1.593s] Compiling '/home/rtx3090/panda_ws/install/pymoveit2/local/lib/python3.10/dist-packages/pymoveit2/gripper_command.py'...
[1.593s] Compiling '/home/rtx3090/panda_ws/install/pymoveit2/local/lib/python3.10/dist-packages/pymoveit2/gripper_interface.py'...
[1.593s] Compiling '/home/rtx3090/panda_ws/install/pymoveit2/local/lib/python3.10/dist-packages/pymoveit2/moveit2.py'...
[1.593s] Compiling '/home/rtx3090/panda_ws/install/pymoveit2/local/lib/python3.10/dist-packages/pymoveit2/moveit2_gripper.py'...
[1.593s] Compiling '/home/rtx3090/panda_ws/install/pymoveit2/local/lib/python3.10/dist-packages/pymoveit2/moveit2_servo.py'...
[1.593s] Listing '/home/rtx3090/panda_ws/install/pymoveit2/local/lib/python3.10/dist-packages/pymoveit2/robots'...
[1.593s] Compiling '/home/rtx3090/panda_ws/install/pymoveit2/local/lib/python3.10/dist-packages/pymoveit2/robots/__init__.py'...
[1.593s] Compiling '/home/rtx3090/panda_ws/install/pymoveit2/local/lib/python3.10/dist-packages/pymoveit2/robots/crane_x7.py'...
[1.593s] Compiling '/home/rtx3090/panda_ws/install/pymoveit2/local/lib/python3.10/dist-packages/pymoveit2/robots/kinova.py'...
[1.593s] Compiling '/home/rtx3090/panda_ws/install/pymoveit2/local/lib/python3.10/dist-packages/pymoveit2/robots/lbr.py'...
[1.593s] Compiling '/home/rtx3090/panda_ws/install/pymoveit2/local/lib/python3.10/dist-packages/pymoveit2/robots/panda.py'...
[1.593s] Compiling '/home/rtx3090/panda_ws/install/pymoveit2/local/lib/python3.10/dist-packages/pymoveit2/robots/phantomx_pincher.py'...
[1.593s] Compiling '/home/rtx3090/panda_ws/install/pymoveit2/local/lib/python3.10/dist-packages/pymoveit2/robots/ur.py'...
[1.593s] Compiling '/home/rtx3090/panda_ws/install/pymoveit2/local/lib/python3.10/dist-packages/pymoveit2/utils.py'...
[1.602s] Invoked command in '/home/rtx3090/panda_ws/build/pymoveit2' returned '0': CMAKE_PREFIX_PATH=${CMAKE_PREFIX_PATH}:/home/rtx3090/panda_ws/install/panda_vision:/opt/ros/humble /home/rtx3090/.local/bin/cmake --install /home/rtx3090/panda_ws/build/pymoveit2
